This is pdfTeX, Version 3.141592653-2.6-1.40.22 (TeX Live 2021/W32TeX) (preloaded format=pdflatex 2021.4.9)  22 APR 2021 11:45
entering extended mode
 restricted \write18 enabled.
 %&-line parsing enabled.
**MentalHealthGreenSpaceCode.tex
(./MentalHealthGreenSpaceCode.tex
LaTeX2e <2020-10-01> patch level 4
L3 programming layer <2021-02-18> (c:/Users/paezha/AppData/Roaming/TinyTeX/texm
f-dist/tex/latex/base/article.cls
Document Class: article 2020/04/10 v1.4m Standard LaTeX document class
(c:/Users/paezha/AppData/Roaming/TinyTeX/texmf-dist/tex/latex/base/size10.clo
File: size10.clo 2020/04/10 v1.4m Standard LaTeX file (size option)
)
\c@part=\count179
\c@section=\count180
\c@subsection=\count181
\c@subsubsection=\count182
\c@paragraph=\count183
\c@subparagraph=\count184
\c@figure=\count185
\c@table=\count186
\abovecaptionskip=\skip47
\belowcaptionskip=\skip48
\bibindent=\dimen138
)
(c:/Users/paezha/AppData/Roaming/TinyTeX/texmf-dist/tex/latex/geometry/geometry
.sty
Package: geometry 2020/01/02 v5.9 Page Geometry

(c:/Users/paezha/AppData/Roaming/TinyTeX/texmf-dist/tex/latex/graphics/keyval.s
ty
Package: keyval 2014/10/28 v1.15 key=value parser (DPC)
\KV@toks@=\toks15
)
(c:/Users/paezha/AppData/Roaming/TinyTeX/texmf-dist/tex/generic/iftex/ifvtex.st
y
Package: ifvtex 2019/10/25 v1.7 ifvtex legacy package. Use iftex instead.

(c:/Users/paezha/AppData/Roaming/TinyTeX/texmf-dist/tex/generic/iftex/iftex.sty
Package: iftex 2020/03/06 v1.0d TeX engine tests
))
\Gm@cnth=\count187
\Gm@cntv=\count188
\c@Gm@tempcnt=\count189
\Gm@bindingoffset=\dimen139
\Gm@wd@mp=\dimen140
\Gm@odd@mp=\dimen141
\Gm@even@mp=\dimen142
\Gm@layoutwidth=\dimen143
\Gm@layoutheight=\dimen144
\Gm@layouthoffset=\dimen145
\Gm@layoutvoffset=\dimen146
\Gm@dimlist=\toks16
) (c:/Users/paezha/AppData/Roaming/TinyTeX/texmf-dist/tex/latex/lm/lmodern.sty
Package: lmodern 2015/05/01 v1.6.1 Latin Modern Fonts
LaTeX Font Info:    Overwriting symbol font `operators' in version `normal'
(Font)                  OT1/cmr/m/n --> OT1/lmr/m/n on input line 22.
LaTeX Font Info:    Overwriting symbol font `letters' in version `normal'
(Font)                  OML/cmm/m/it --> OML/lmm/m/it on input line 23.
LaTeX Font Info:    Overwriting symbol font `symbols' in version `normal'
(Font)                  OMS/cmsy/m/n --> OMS/lmsy/m/n on input line 24.
LaTeX Font Info:    Overwriting symbol font `largesymbols' in version `normal'
(Font)                  OMX/cmex/m/n --> OMX/lmex/m/n on input line 25.
LaTeX Font Info:    Overwriting symbol font `operators' in version `bold'
(Font)                  OT1/cmr/bx/n --> OT1/lmr/bx/n on input line 26.
LaTeX Font Info:    Overwriting symbol font `letters' in version `bold'
(Font)                  OML/cmm/b/it --> OML/lmm/b/it on input line 27.
LaTeX Font Info:    Overwriting symbol font `symbols' in version `bold'
(Font)                  OMS/cmsy/b/n --> OMS/lmsy/b/n on input line 28.
LaTeX Font Info:    Overwriting symbol font `largesymbols' in version `bold'
(Font)                  OMX/cmex/m/n --> OMX/lmex/m/n on input line 29.
LaTeX Font Info:    Overwriting math alphabet `\mathbf' in version `normal'
(Font)                  OT1/cmr/bx/n --> OT1/lmr/bx/n on input line 31.
LaTeX Font Info:    Overwriting math alphabet `\mathsf' in version `normal'
(Font)                  OT1/cmss/m/n --> OT1/lmss/m/n on input line 32.
LaTeX Font Info:    Overwriting math alphabet `\mathit' in version `normal'
(Font)                  OT1/cmr/m/it --> OT1/lmr/m/it on input line 33.
LaTeX Font Info:    Overwriting math alphabet `\mathtt' in version `normal'
(Font)                  OT1/cmtt/m/n --> OT1/lmtt/m/n on input line 34.
LaTeX Font Info:    Overwriting math alphabet `\mathbf' in version `bold'
(Font)                  OT1/cmr/bx/n --> OT1/lmr/bx/n on input line 35.
LaTeX Font Info:    Overwriting math alphabet `\mathsf' in version `bold'
(Font)                  OT1/cmss/bx/n --> OT1/lmss/bx/n on input line 36.
LaTeX Font Info:    Overwriting math alphabet `\mathit' in version `bold'
(Font)                  OT1/cmr/bx/it --> OT1/lmr/bx/it on input line 37.
LaTeX Font Info:    Overwriting math alphabet `\mathtt' in version `bold'
(Font)                  OT1/cmtt/m/n --> OT1/lmtt/m/n on input line 38.
) (c:/Users/paezha/AppData/Roaming/TinyTeX/texmf-dist/tex/latex/base/fontenc.st
y
Package: fontenc 2020/08/10 v2.0s Standard LaTeX package
LaTeX Font Info:    Trying to load font information for T1+lmr on input line 11
2.
(c:/Users/paezha/AppData/Roaming/TinyTeX/texmf-dist/tex/latex/lm/t1lmr.fd
File: t1lmr.fd 2015/05/01 v1.6.1 Font defs for Latin Modern
))
(c:/Users/paezha/AppData/Roaming/TinyTeX/texmf-dist/tex/latex/base/inputenc.sty
Package: inputenc 2020/08/01 v1.3d Input encoding file
\inpenc@prehook=\toks17
\inpenc@posthook=\toks18
)
(c:/Users/paezha/AppData/Roaming/TinyTeX/texmf-dist/tex/latex/abstract/abstract
.sty
Package: abstract 2009/06/08 v1.2a configurable abstracts
\abstitleskip=\skip49
\absleftindent=\skip50
\absrightindent=\skip51
\absparindent=\skip52
\absparsep=\skip53
)
(c:/Users/paezha/AppData/Roaming/TinyTeX/texmf-dist/tex/latex/graphics/color.st
y
Package: color 2020/02/24 v1.2b Standard LaTeX Color (DPC)

(c:/Users/paezha/AppData/Roaming/TinyTeX/texmf-dist/tex/latex/graphics-cfg/colo
r.cfg
File: color.cfg 2016/01/02 v1.6 sample color configuration
)
Package color Info: Driver file: pdftex.def on input line 147.

(c:/Users/paezha/AppData/Roaming/TinyTeX/texmf-dist/tex/latex/graphics-def/pdft
ex.def
File: pdftex.def 2020/10/05 v1.2a Graphics/color driver for pdftex
))
(c:/Users/paezha/AppData/Roaming/TinyTeX/texmf-dist/tex/latex/fancyvrb/fancyvrb
.sty
Package: fancyvrb 2021/01/20 v3.7 verbatim text (tvz,hv)
\FV@CodeLineNo=\count190
\FV@InFile=\read2
\FV@TabBox=\box47
\c@FancyVerbLine=\count191
\FV@StepNumber=\count192
\FV@OutFile=\write3
)
(c:/Users/paezha/AppData/Roaming/TinyTeX/texmf-dist/tex/latex/framed/framed.sty
Package: framed 2011/10/22 v 0.96: framed or shaded text with page breaks
\OuterFrameSep=\skip54
\fb@frw=\dimen147
\fb@frh=\dimen148
\FrameRule=\dimen149
\FrameSep=\dimen150
)
(c:/Users/paezha/AppData/Roaming/TinyTeX/texmf-dist/tex/latex/graphics/graphicx
.sty
Package: graphicx 2020/09/09 v1.2b Enhanced LaTeX Graphics (DPC,SPQR)

(c:/Users/paezha/AppData/Roaming/TinyTeX/texmf-dist/tex/latex/graphics/graphics
.sty
Package: graphics 2020/08/30 v1.4c Standard LaTeX Graphics (DPC,SPQR)

(c:/Users/paezha/AppData/Roaming/TinyTeX/texmf-dist/tex/latex/graphics/trig.sty
Package: trig 2016/01/03 v1.10 sin cos tan (DPC)
)
(c:/Users/paezha/AppData/Roaming/TinyTeX/texmf-dist/tex/latex/graphics-cfg/grap
hics.cfg
File: graphics.cfg 2016/06/04 v1.11 sample graphics configuration
)
Package graphics Info: Driver file: pdftex.def on input line 105.
)
\Gin@req@height=\dimen151
\Gin@req@width=\dimen152
)
(c:/Users/paezha/AppData/Roaming/TinyTeX/texmf-dist/tex/latex/grffile/grffile.s
ty
Package: grffile 2019/11/11 v2.1 Extended file name support for graphics (legac
y)
Package grffile Info: This package is an empty stub for compatibility on input 
line 40.
)
(c:/Users/paezha/AppData/Roaming/TinyTeX/texmf-dist/tex/latex/titlesec/titlesec
.sty
Package: titlesec 2019/10/16 v2.13 Sectioning titles
\ttl@box=\box48
\beforetitleunit=\skip55
\aftertitleunit=\skip56
\ttl@plus=\dimen153
\ttl@minus=\dimen154
\ttl@toksa=\toks19
\titlewidth=\dimen155
\titlewidthlast=\dimen156
\titlewidthfirst=\dimen157
)
\c@hypothesis=\count193

(c:/Users/paezha/AppData/Roaming/TinyTeX/texmf-dist/tex/latex/setspace/setspace
.sty
Package: setspace 2011/12/19 v6.7a set line spacing
)
(c:/Users/paezha/AppData/Roaming/TinyTeX/texmf-dist/tex/latex/hyperref/hyperref
.sty
Package: hyperref 2021-02-27 v7.00k Hypertext links for LaTeX

(c:/Users/paezha/AppData/Roaming/TinyTeX/texmf-dist/tex/generic/ltxcmds/ltxcmds
.sty
Package: ltxcmds 2020-05-10 v1.25 LaTeX kernel commands for general use (HO)
)
(c:/Users/paezha/AppData/Roaming/TinyTeX/texmf-dist/tex/generic/pdftexcmds/pdft
excmds.sty
Package: pdftexcmds 2020-06-27 v0.33 Utility functions of pdfTeX for LuaTeX (HO
)

(c:/Users/paezha/AppData/Roaming/TinyTeX/texmf-dist/tex/generic/infwarerr/infwa
rerr.sty
Package: infwarerr 2019/12/03 v1.5 Providing info/warning/error messages (HO)
)
Package pdftexcmds Info: \pdf@primitive is available.
Package pdftexcmds Info: \pdf@ifprimitive is available.
Package pdftexcmds Info: \pdfdraftmode found.
)
(c:/Users/paezha/AppData/Roaming/TinyTeX/texmf-dist/tex/generic/kvsetkeys/kvset
keys.sty
Package: kvsetkeys 2019/12/15 v1.18 Key value parser (HO)
)
(c:/Users/paezha/AppData/Roaming/TinyTeX/texmf-dist/tex/generic/kvdefinekeys/kv
definekeys.sty
Package: kvdefinekeys 2019-12-19 v1.6 Define keys (HO)
)
(c:/Users/paezha/AppData/Roaming/TinyTeX/texmf-dist/tex/generic/pdfescape/pdfes
cape.sty
Package: pdfescape 2019/12/09 v1.15 Implements pdfTeX's escape features (HO)
)
(c:/Users/paezha/AppData/Roaming/TinyTeX/texmf-dist/tex/latex/hycolor/hycolor.s
ty
Package: hycolor 2020-01-27 v1.10 Color options for hyperref/bookmark (HO)
)
(c:/Users/paezha/AppData/Roaming/TinyTeX/texmf-dist/tex/latex/letltxmacro/letlt
xmacro.sty
Package: letltxmacro 2019/12/03 v1.6 Let assignment for LaTeX macros (HO)
)
(c:/Users/paezha/AppData/Roaming/TinyTeX/texmf-dist/tex/latex/auxhook/auxhook.s
ty
Package: auxhook 2019-12-17 v1.6 Hooks for auxiliary files (HO)
)
(c:/Users/paezha/AppData/Roaming/TinyTeX/texmf-dist/tex/latex/kvoptions/kvoptio
ns.sty
Package: kvoptions 2020-10-07 v3.14 Key value format for package options (HO)
)
\@linkdim=\dimen158
\Hy@linkcounter=\count194
\Hy@pagecounter=\count195

(c:/Users/paezha/AppData/Roaming/TinyTeX/texmf-dist/tex/latex/hyperref/pd1enc.d
ef
File: pd1enc.def 2021-02-27 v7.00k Hyperref: PDFDocEncoding definition (HO)
Now handling font encoding PD1 ...
... no UTF-8 mapping file for font encoding PD1
)
(c:/Users/paezha/AppData/Roaming/TinyTeX/texmf-dist/tex/latex/hyperref/hyperref
-langpatches.def
File: hyperref-langpatches.def 2021-02-27 v7.00k Hyperref: patches for babel la
nguages
)
(c:/Users/paezha/AppData/Roaming/TinyTeX/texmf-dist/tex/generic/intcalc/intcalc
.sty
Package: intcalc 2019/12/15 v1.3 Expandable calculations with integers (HO)
)
(c:/Users/paezha/AppData/Roaming/TinyTeX/texmf-dist/tex/generic/etexcmds/etexcm
ds.sty
Package: etexcmds 2019/12/15 v1.7 Avoid name clashes with e-TeX commands (HO)
)
\Hy@SavedSpaceFactor=\count196

(c:/Users/paezha/AppData/Roaming/TinyTeX/texmf-dist/tex/latex/hyperref/puenc.de
f
File: puenc.def 2021-02-27 v7.00k Hyperref: PDF Unicode definition (HO)
Now handling font encoding PU ...
... no UTF-8 mapping file for font encoding PU
)
Package hyperref Info: Option `draft' set `true' on input line 4073.
Package hyperref Info: Option `unicode' set `true' on input line 4073.
Package hyperref Info: Hyper figures OFF on input line 4192.
Package hyperref Info: Link nesting OFF on input line 4197.
Package hyperref Info: Hyper index ON on input line 4200.
Package hyperref Info: Plain pages OFF on input line 4207.
Package hyperref Info: Backreferencing OFF on input line 4212.
Package hyperref Info: Implicit mode ON; LaTeX internals redefined.
Package hyperref Info: Bookmarks ON on input line 4445.
\c@Hy@tempcnt=\count197
(c:/Users/paezha/AppData/Roaming/TinyTeX/texmf-dist/tex/latex/url/url.sty
\Urlmuskip=\muskip16
Package: url 2013/09/16  ver 3.4  Verb mode for urls, etc.
)
LaTeX Info: Redefining \url on input line 4804.
\XeTeXLinkMargin=\dimen159

(c:/Users/paezha/AppData/Roaming/TinyTeX/texmf-dist/tex/generic/bitset/bitset.s
ty
Package: bitset 2019/12/09 v1.3 Handle bit-vector datatype (HO)

(c:/Users/paezha/AppData/Roaming/TinyTeX/texmf-dist/tex/generic/bigintcalc/bigi
ntcalc.sty
Package: bigintcalc 2019/12/15 v1.5 Expandable calculations on big integers (HO
)
))
\Fld@menulength=\count198
\Field@Width=\dimen160
\Fld@charsize=\dimen161
Package hyperref Info: Hyper figures OFF on input line 6075.
Package hyperref Info: Link nesting OFF on input line 6080.
Package hyperref Info: Hyper index ON on input line 6083.
Package hyperref Info: backreferencing OFF on input line 6090.
Package hyperref Info: Link coloring OFF on input line 6095.
Package hyperref Info: Link coloring with OCG OFF on input line 6100.
Package hyperref Info: PDF/A mode OFF on input line 6105.
LaTeX Info: Redefining \ref on input line 6145.
LaTeX Info: Redefining \pageref on input line 6149.

(c:/Users/paezha/AppData/Roaming/TinyTeX/texmf-dist/tex/latex/base/atbegshi-ltx
.sty
Package: atbegshi-ltx 2020/08/17 v1.0a Emulation of the original atbegshi packa
ge
with kernel methods
)
\Hy@abspage=\count199
\c@Item=\count266
\c@Hfootnote=\count267
)
Package hyperref Info: Driver (autodetected): hpdftex.

(c:/Users/paezha/AppData/Roaming/TinyTeX/texmf-dist/tex/latex/hyperref/hpdftex.
def
File: hpdftex.def 2021-02-27 v7.00k Hyperref driver for pdfTeX

(c:/Users/paezha/AppData/Roaming/TinyTeX/texmf-dist/tex/latex/base/atveryend-lt
x.sty
Package: atveryend-ltx 2020/08/19 v1.0a Emulation of the original atvery packag
e
with kernel methods
)
\Fld@listcount=\count268
\c@bookmark@seq@number=\count269

(c:/Users/paezha/AppData/Roaming/TinyTeX/texmf-dist/tex/latex/rerunfilecheck/re
runfilecheck.sty
Package: rerunfilecheck 2019/12/05 v1.9 Rerun checks for auxiliary files (HO)

(c:/Users/paezha/AppData/Roaming/TinyTeX/texmf-dist/tex/generic/uniquecounter/u
niquecounter.sty
Package: uniquecounter 2019/12/15 v1.4 Provide unlimited unique counter (HO)
)
Package uniquecounter Info: New unique counter `rerunfilecheck' on input line 2
86.
)
\Hy@SectionHShift=\skip57
)
Package hyperref Info: Option `breaklinks' set `true' on input line 169.

Package hyperref Warning: Option `bookmarks' has already been used,
(hyperref)                setting the option has no effect on input line 169.

Package hyperref Info: Option `colorlinks' set `true' on input line 169.

(c:/Users/paezha/AppData/Roaming/TinyTeX/texmf-dist/tex/latex/placeins/placeins
.sty
Package: placeins 2005/04/18  v 2.2
)
(c:/Users/paezha/AppData/Roaming/TinyTeX/texmf-dist/tex/latex/l3backend/l3backe
nd-pdftex.def
File: l3backend-pdftex.def 2021-03-18 L3 backend support: PDF output (pdfTeX)
\l__color_backend_stack_int=\count270
\l__pdf_internal_box=\box49
) (./MentalHealthGreenSpaceCode.aux)
\openout1 = `MentalHealthGreenSpaceCode.aux'.

LaTeX Font Info:    Checking defaults for OML/cmm/m/it on input line 187.
LaTeX Font Info:    ... okay on input line 187.
LaTeX Font Info:    Checking defaults for OMS/cmsy/m/n on input line 187.
LaTeX Font Info:    ... okay on input line 187.
LaTeX Font Info:    Checking defaults for OT1/cmr/m/n on input line 187.
LaTeX Font Info:    ... okay on input line 187.
LaTeX Font Info:    Checking defaults for T1/cmr/m/n on input line 187.
LaTeX Font Info:    ... okay on input line 187.
LaTeX Font Info:    Checking defaults for TS1/cmr/m/n on input line 187.
LaTeX Font Info:    ... okay on input line 187.
LaTeX Font Info:    Checking defaults for OMX/cmex/m/n on input line 187.
LaTeX Font Info:    ... okay on input line 187.
LaTeX Font Info:    Checking defaults for U/cmr/m/n on input line 187.
LaTeX Font Info:    ... okay on input line 187.
LaTeX Font Info:    Checking defaults for PD1/pdf/m/n on input line 187.
LaTeX Font Info:    ... okay on input line 187.
LaTeX Font Info:    Checking defaults for PU/pdf/m/n on input line 187.
LaTeX Font Info:    ... okay on input line 187.
*geometry* driver: auto-detecting
*geometry* detected driver: pdftex
*geometry* verbose mode - [ preamble ] result:
* driver: pdftex
* paper: <default>
* layout: <same size as paper>
* layoutoffset:(h,v)=(0.0pt,0.0pt)
* modes: 
* h-part:(L,W,R)=(72.26999pt, 469.75502pt, 72.26999pt)
* v-part:(T,H,B)=(72.26999pt, 650.43001pt, 72.26999pt)
* \paperwidth=614.295pt
* \paperheight=794.96999pt
* \textwidth=469.75502pt
* \textheight=650.43001pt
* \oddsidemargin=0.0pt
* \evensidemargin=0.0pt
* \topmargin=-37.0pt
* \headheight=12.0pt
* \headsep=25.0pt
* \topskip=10.0pt
* \footskip=30.0pt
* \marginparwidth=65.0pt
* \marginparsep=11.0pt
* \columnsep=10.0pt
* \skip\footins=9.0pt plus 4.0pt minus 2.0pt
* \hoffset=0.0pt
* \voffset=0.0pt
* \mag=1000
* \@twocolumnfalse
* \@twosidefalse
* \@mparswitchfalse
* \@reversemarginfalse
* (1in=72.27pt=25.4mm, 1cm=28.453pt)


(c:/Users/paezha/AppData/Roaming/TinyTeX/texmf-dist/tex/latex/epstopdf-pkg/epst
opdf-base.sty
Package: epstopdf-base 2020-01-24 v2.11 Base part for package epstopdf

(c:/Users/paezha/AppData/Roaming/TinyTeX/texmf-dist/tex/latex/grfext/grfext.sty
Package: grfext 2019/12/03 v1.3 Manage graphics extensions (HO)
)
Package epstopdf-base Info: Redefining graphics rule for `.eps' on input line 4
85.
Package grfext Info: Graphics extension search list:
(grfext)             [.pdf,.png,.jpg,.mps,.jpeg,.jbig2,.jb2,.PDF,.PNG,.JPG,.JPE
G,.JBIG2,.JB2,.eps]
(grfext)             \AppendGraphicsExtensions on input line 504.

(c:/Users/paezha/AppData/Roaming/TinyTeX/texmf-dist/tex/latex/latexconfig/epsto
pdf-sys.cfg
File: epstopdf-sys.cfg 2010/07/13 v1.3 Configuration of (r)epstopdf for TeX Liv
e
))

Package hyperref Warning: Draft mode on.

Package hyperref Info: Link coloring ON on input line 187.

(c:/Users/paezha/AppData/Roaming/TinyTeX/texmf-dist/tex/latex/hyperref/nameref.
sty
Package: nameref 2021-04-02 v2.47 Cross-referencing by name of section

(c:/Users/paezha/AppData/Roaming/TinyTeX/texmf-dist/tex/latex/refcount/refcount
.sty
Package: refcount 2019/12/15 v3.6 Data extraction from label references (HO)
)
(c:/Users/paezha/AppData/Roaming/TinyTeX/texmf-dist/tex/generic/gettitlestring/
gettitlestring.sty
Package: gettitlestring 2019/12/15 v1.6 Cleanup title references (HO)
)
\c@section@level=\count271
)
LaTeX Info: Redefining \ref on input line 187.
LaTeX Info: Redefining \pageref on input line 187.
LaTeX Info: Redefining \nameref on input line 187.
LaTeX Font Info:    Calculating math sizes for size <18> on input line 199.
LaTeX Font Info:    Trying to load font information for OT1+lmr on input line 1
99.
(c:/Users/paezha/AppData/Roaming/TinyTeX/texmf-dist/tex/latex/lm/ot1lmr.fd
File: ot1lmr.fd 2015/05/01 v1.6.1 Font defs for Latin Modern
)
LaTeX Font Info:    Trying to load font information for OML+lmm on input line 1
99.
(c:/Users/paezha/AppData/Roaming/TinyTeX/texmf-dist/tex/latex/lm/omllmm.fd
File: omllmm.fd 2015/05/01 v1.6.1 Font defs for Latin Modern
)
LaTeX Font Info:    Trying to load font information for OMS+lmsy on input line 
199.
(c:/Users/paezha/AppData/Roaming/TinyTeX/texmf-dist/tex/latex/lm/omslmsy.fd
File: omslmsy.fd 2015/05/01 v1.6.1 Font defs for Latin Modern
)
LaTeX Font Info:    Trying to load font information for OMX+lmex on input line 
199.
(c:/Users/paezha/AppData/Roaming/TinyTeX/texmf-dist/tex/latex/lm/omxlmex.fd
File: omxlmex.fd 2015/05/01 v1.6.1 Font defs for Latin Modern
)
LaTeX Font Info:    External font `lmex10' loaded for size
(Font)              <18> on input line 199.
LaTeX Font Info:    External font `lmex10' loaded for size
(Font)              <12.59995> on input line 199.
LaTeX Font Info:    External font `lmex10' loaded for size
(Font)              <9> on input line 199.
LaTeX Font Info:    Trying to load font information for TS1+lmr on input line 1
99.
(c:/Users/paezha/AppData/Roaming/TinyTeX/texmf-dist/tex/latex/lm/ts1lmr.fd
File: ts1lmr.fd 2015/05/01 v1.6.1 Font defs for Latin Modern
)
LaTeX Font Info:    External font `lmex10' loaded for size
(Font)              <8> on input line 199.
LaTeX Font Info:    External font `lmex10' loaded for size
(Font)              <6> on input line 199.
LaTeX Font Info:    External font `lmex10' loaded for size
(Font)              <5> on input line 199.
LaTeX Font Info:    Trying to load font information for T1+phv on input line 20
5.
(c:/Users/paezha/AppData/Roaming/TinyTeX/texmf-dist/tex/latex/psnfss/t1phv.fd
File: t1phv.fd 2020/03/25 scalable font definitions for T1/phv.
)
LaTeX Font Info:    Font shape `T1/phv/bx/n' in size <11> not available
(Font)              Font shape `T1/phv/b/n' tried instead on input line 205.
[1

{c:/Users/paezha/AppData/Roaming/TinyTeX/texmf-var/fonts/map/pdftex/updmap/pdft
ex.map}] [2]
<MentalHealthGreenSpaceCode_files/figure-latex/plot-density-1.pdf, id=18, 469.7
55pt x 325.215pt>
File: MentalHealthGreenSpaceCode_files/figure-latex/plot-density-1.pdf Graphic 
file (type pdf)
<use MentalHealthGreenSpaceCode_files/figure-latex/plot-density-1.pdf>
Package pdftex.def Info: MentalHealthGreenSpaceCode_files/figure-latex/plot-den
sity-1.pdf  used on input line 483.
(pdftex.def)             Requested size: 469.75386pt x 325.2142pt.
<MentalHealthGreenSpaceCode_files/figure-latex/plot-cases-1.pdf, id=19, 469.755
pt x 325.215pt>
File: MentalHealthGreenSpaceCode_files/figure-latex/plot-cases-1.pdf Graphic fi
le (type pdf)
<use MentalHealthGreenSpaceCode_files/figure-latex/plot-cases-1.pdf>
Package pdftex.def Info: MentalHealthGreenSpaceCode_files/figure-latex/plot-cas
es-1.pdf  used on input line 490.
(pdftex.def)             Requested size: 469.75386pt x 325.2142pt.
<MentalHealthGreenSpaceCode_files/figure-latex/plot-male-cases-1.pdf, id=20, 46
9.755pt x 325.215pt>
File: MentalHealthGreenSpaceCode_files/figure-latex/plot-male-cases-1.pdf Graph
ic file (type pdf)
<use MentalHealthGreenSpaceCode_files/figure-latex/plot-male-cases-1.pdf>
Package pdftex.def Info: MentalHealthGreenSpaceCode_files/figure-latex/plot-mal
e-cases-1.pdf  used on input line 497.
(pdftex.def)             Requested size: 469.75386pt x 325.2142pt.
<MentalHealthGreenSpaceCode_files/figure-latex/plot-female-cases-1.pdf, id=21, 
469.755pt x 325.215pt>
File: MentalHealthGreenSpaceCode_files/figure-latex/plot-female-cases-1.pdf Gra
phic file (type pdf)
<use MentalHealthGreenSpaceCode_files/figure-latex/plot-female-cases-1.pdf>
Package pdftex.def Info: MentalHealthGreenSpaceCode_files/figure-latex/plot-fem
ale-cases-1.pdf  used on input line 504.
(pdftex.def)             Requested size: 469.75386pt x 325.2142pt.
<MentalHealthGreenSpaceCode_files/figure-latex/plot-unemployment-rates-1.pdf, i
d=22, 469.755pt x 325.215pt>
File: MentalHealthGreenSpaceCode_files/figure-latex/plot-unemployment-rates-1.p
df Graphic file (type pdf)
<use MentalHealthGreenSpaceCode_files/figure-latex/plot-unemployment-rates-1.pd
f>
Package pdftex.def Info: MentalHealthGreenSpaceCode_files/figure-latex/plot-une
mployment-rates-1.pdf  used on input line 511.
(pdftex.def)             Requested size: 469.75386pt x 325.2142pt.
<MentalHealthGreenSpaceCode_files/figure-latex/plot-income-1.pdf, id=23, 469.75
5pt x 325.215pt>
File: MentalHealthGreenSpaceCode_files/figure-latex/plot-income-1.pdf Graphic f
ile (type pdf)
<use MentalHealthGreenSpaceCode_files/figure-latex/plot-income-1.pdf>
Package pdftex.def Info: MentalHealthGreenSpaceCode_files/figure-latex/plot-inc
ome-1.pdf  used on input line 518.
(pdftex.def)             Requested size: 469.75386pt x 325.2142pt.
<MentalHealthGreenSpaceCode_files/figure-latex/plot-Living-Alone-1.pdf, id=24, 
469.755pt x 325.215pt>
File: MentalHealthGreenSpaceCode_files/figure-latex/plot-Living-Alone-1.pdf Gra
phic file (type pdf)
<use MentalHealthGreenSpaceCode_files/figure-latex/plot-Living-Alone-1.pdf>
Package pdftex.def Info: MentalHealthGreenSpaceCode_files/figure-latex/plot-Liv
ing-Alone-1.pdf  used on input line 525.
(pdftex.def)             Requested size: 469.75386pt x 325.2142pt.
<MentalHealthGreenSpaceCode_files/figure-latex/plot-immigrants-1.pdf, id=25, 46
9.755pt x 325.215pt>
File: MentalHealthGreenSpaceCode_files/figure-latex/plot-immigrants-1.pdf Graph
ic file (type pdf)
<use MentalHealthGreenSpaceCode_files/figure-latex/plot-immigrants-1.pdf>
Package pdftex.def Info: MentalHealthGreenSpaceCode_files/figure-latex/plot-imm
igrants-1.pdf  used on input line 532.
(pdftex.def)             Requested size: 469.75386pt x 325.2142pt.
<MentalHealthGreenSpaceCode_files/figure-latex/plot-Prop-Old-1.pdf, id=26, 469.
755pt x 325.215pt>
File: MentalHealthGreenSpaceCode_files/figure-latex/plot-Prop-Old-1.pdf Graphic
 file (type pdf)
<use MentalHealthGreenSpaceCode_files/figure-latex/plot-Prop-Old-1.pdf>
Package pdftex.def Info: MentalHealthGreenSpaceCode_files/figure-latex/plot-Pro
p-Old-1.pdf  used on input line 539.
(pdftex.def)             Requested size: 469.75386pt x 325.2142pt.
<MentalHealthGreenSpaceCode_files/figure-latex/plot-green-space5-1.pdf, id=27, 
469.755pt x 325.215pt>
File: MentalHealthGreenSpaceCode_files/figure-latex/plot-green-space5-1.pdf Gra
phic file (type pdf)
<use MentalHealthGreenSpaceCode_files/figure-latex/plot-green-space5-1.pdf>
Package pdftex.def Info: MentalHealthGreenSpaceCode_files/figure-latex/plot-gre
en-space5-1.pdf  used on input line 546.
(pdftex.def)             Requested size: 469.75386pt x 325.2142pt.
<MentalHealthGreenSpaceCode_files/figure-latex/plot-green-space10-1.pdf, id=28,
 469.755pt x 325.215pt>
File: MentalHealthGreenSpaceCode_files/figure-latex/plot-green-space10-1.pdf Gr
aphic file (type pdf)
<use MentalHealthGreenSpaceCode_files/figure-latex/plot-green-space10-1.pdf>
Package pdftex.def Info: MentalHealthGreenSpaceCode_files/figure-latex/plot-gre
en-space10-1.pdf  used on input line 553.
(pdftex.def)             Requested size: 469.75386pt x 325.2142pt.
<MentalHealthGreenSpaceCode_files/figure-latex/plot-green-space15-1.pdf, id=29,
 469.755pt x 325.215pt>
File: MentalHealthGreenSpaceCode_files/figure-latex/plot-green-space15-1.pdf Gr
aphic file (type pdf)
<use MentalHealthGreenSpaceCode_files/figure-latex/plot-green-space15-1.pdf>
Package pdftex.def Info: MentalHealthGreenSpaceCode_files/figure-latex/plot-gre
en-space15-1.pdf  used on input line 561.
(pdftex.def)             Requested size: 469.75386pt x 325.2142pt.
<MentalHealthGreenSpaceCode_files/figure-latex/plot-green-space30-1.pdf, id=30,
 469.755pt x 325.215pt>
File: MentalHealthGreenSpaceCode_files/figure-latex/plot-green-space30-1.pdf Gr
aphic file (type pdf)
<use MentalHealthGreenSpaceCode_files/figure-latex/plot-green-space30-1.pdf>
Package pdftex.def Info: MentalHealthGreenSpaceCode_files/figure-latex/plot-gre
en-space30-1.pdf  used on input line 569.
(pdftex.def)             Requested size: 469.75386pt x 325.2142pt.
<MentalHealthGreenSpaceCode_files/figure-latex/plot-green-space60-1.pdf, id=31,
 469.755pt x 325.215pt>
File: MentalHealthGreenSpaceCode_files/figure-latex/plot-green-space60-1.pdf Gr
aphic file (type pdf)
<use MentalHealthGreenSpaceCode_files/figure-latex/plot-green-space60-1.pdf>
Package pdftex.def Info: MentalHealthGreenSpaceCode_files/figure-latex/plot-gre
en-space60-1.pdf  used on input line 577.
(pdftex.def)             Requested size: 469.75386pt x 325.2142pt.
<MentalHealthGreenSpaceCode_files/figure-latex/moran-scatterplot-1.pdf, id=32, 
469.755pt x 325.215pt>
File: MentalHealthGreenSpaceCode_files/figure-latex/moran-scatterplot-1.pdf Gra
phic file (type pdf)
<use MentalHealthGreenSpaceCode_files/figure-latex/moran-scatterplot-1.pdf>
Package pdftex.def Info: MentalHealthGreenSpaceCode_files/figure-latex/moran-sc
atterplot-1.pdf  used on input line 585.
(pdftex.def)             Requested size: 469.75386pt x 325.2142pt.
LaTeX Font Info:    Trying to load font information for T1+lmtt on input line 5
90.
(c:/Users/paezha/AppData/Roaming/TinyTeX/texmf-dist/tex/latex/lm/t1lmtt.fd
File: t1lmtt.fd 2015/05/01 v1.6.1 Font defs for Latin Modern
) [3] [4 <./MentalHealthGreenSpaceCode_files/figure-latex/plot-density-1.pdf>] 
[5 <./MentalHealthGreenSpaceCode_files/figure-latex/plot-cases-1.pdf>] [6 <./Me
ntalHealthGreenSpaceCode_files/figure-latex/plot-male-cases-1.pdf>] [7 <./Menta
lHealthGreenSpaceCode_files/figure-latex/plot-female-cases-1.pdf>] [8 <./Mental
HealthGreenSpaceCode_files/figure-latex/plot-unemployment-rates-1.pdf>] [9 <./M
entalHealthGreenSpaceCode_files/figure-latex/plot-income-1.pdf>] [10 <./MentalH
ealthGreenSpaceCode_files/figure-latex/plot-Living-Alone-1.pdf>] [11 <./MentalH
ealthGreenSpaceCode_files/figure-latex/plot-immigrants-1.pdf>] [12 <./MentalHea
lthGreenSpaceCode_files/figure-latex/plot-Prop-Old-1.pdf>] [13 <./MentalHealthG
reenSpaceCode_files/figure-latex/plot-green-space5-1.pdf>] [14 <./MentalHealthG
reenSpaceCode_files/figure-latex/plot-green-space10-1.pdf>] [15 <./MentalHealth
GreenSpaceCode_files/figure-latex/plot-green-space15-1.pdf>] [16 <./MentalHealt
hGreenSpaceCode_files/figure-latex/plot-green-space30-1.pdf>] [17 <./MentalHeal
thGreenSpaceCode_files/figure-latex/plot-green-space60-1.pdf>] [18 <./MentalHea
lthGreenSpaceCode_files/figure-latex/moran-scatterplot-1.pdf>]
<MentalHealthGreenSpaceCode_files/figure-latex/local-moran-plot-1.pdf, id=173, 
469.755pt x 325.215pt>
File: MentalHealthGreenSpaceCode_files/figure-latex/local-moran-plot-1.pdf Grap
hic file (type pdf)
<use MentalHealthGreenSpaceCode_files/figure-latex/local-moran-plot-1.pdf>
Package pdftex.def Info: MentalHealthGreenSpaceCode_files/figure-latex/local-mo
ran-plot-1.pdf  used on input line 602.
(pdftex.def)             Requested size: 469.75386pt x 325.2142pt.
<MentalHealthGreenSpaceCode_files/figure-latex/map-simulated-landscapes-1.pdf, 
id=174, 469.755pt x 325.215pt>
File: MentalHealthGreenSpaceCode_files/figure-latex/map-simulated-landscapes-1.
pdf Graphic file (type pdf)
<use MentalHealthGreenSpaceCode_files/figure-latex/map-simulated-landscapes-1.p
df>
Package pdftex.def Info: MentalHealthGreenSpaceCode_files/figure-latex/map-simu
lated-landscapes-1.pdf  used on input line 609.
(pdftex.def)             Requested size: 469.75386pt x 325.2142pt.
<MentalHealthGreenSpaceCode_files/figure-latex/spatial-moving-averages-1.pdf, i
d=175, 469.755pt x 325.215pt>
File: MentalHealthGreenSpaceCode_files/figure-latex/spatial-moving-averages-1.p
df Graphic file (type pdf)
<use MentalHealthGreenSpaceCode_files/figure-latex/spatial-moving-averages-1.pd
f>
Package pdftex.def Info: MentalHealthGreenSpaceCode_files/figure-latex/spatial-
moving-averages-1.pdf  used on input line 617.
(pdftex.def)             Requested size: 469.75386pt x 325.2142pt.
<MentalHealthGreenSpaceCode_files/figure-latex/Neighbourhood-SWM5-1.pdf, id=176
, 469.755pt x 325.215pt>
File: MentalHealthGreenSpaceCode_files/figure-latex/Neighbourhood-SWM5-1.pdf Gr
aphic file (type pdf)
<use MentalHealthGreenSpaceCode_files/figure-latex/Neighbourhood-SWM5-1.pdf>
Package pdftex.def Info: MentalHealthGreenSpaceCode_files/figure-latex/Neighbou
rhood-SWM5-1.pdf  used on input line 625.
(pdftex.def)             Requested size: 469.75386pt x 325.2142pt.

Overfull \hbox (1913.73805pt too wide) in paragraph at lines 642--642
[]\T1/lmtt/m/n/10 ## 1 2 3 4 5 6 7 8 9 10 11 12 13 14 15 16 17 18 19 20 21 22 2
3 24 25 26 27 28 29 30 31 32 33 34 35 36 37 38 39 40 41 42 43 44 45 46 47 48 49
 50 51 52 53 54 55 56 57 58 59 60 61 62 63 64 65 66 67 68 69 70 71 72 73 74 75 
76 77 78 79 80 81 82 83 84 85 86 87 88 89 90 91 92 93 94 95 96 97 98 99 100 101
 102 103 104 105 106 107 108 109 110 111 112 113 114 115 116 117 118 119 120 12
1 122 123 124 125 126 127 128 129 130 131 132 133 134 135 136 137 138 139 140[]
 
 []

<MentalHealthGreenSpaceCode_files/figure-latex/Neighbourhood-SWM10-1.pdf, id=17
7, 469.755pt x 325.215pt>
File: MentalHealthGreenSpaceCode_files/figure-latex/Neighbourhood-SWM10-1.pdf G
raphic file (type pdf)
<use MentalHealthGreenSpaceCode_files/figure-latex/Neighbourhood-SWM10-1.pdf>
Package pdftex.def Info: MentalHealthGreenSpaceCode_files/figure-latex/Neighbou
rhood-SWM10-1.pdf  used on input line 646.
(pdftex.def)             Requested size: 469.75386pt x 325.2142pt.

Overfull \hbox (1724.7386pt too wide) in paragraph at lines 667--667
[]\T1/lmtt/m/n/10 ## 1 2 3 4 5 6 7 8 9 10 11 12 13 14 15 16 18 20 21 22 24 25 2
6 27 28 29 30 31 32 33 34 35 37 38 39 40 41 42 43 44 45 46 47 49 50 51 52 53 54
 55 56 57 58 59 60 61 62 63 64 65 67 68 69 70 71 72 73 74 75 76 77 78 79 80 81 
82 83 84 85 86 87 89 90 92 93 94 95 96 97 98 99 100 101 102 103 104 105 106 107
 109 110 111 112 113 114 116 117 118 119 120 121 123 124 125 126 127 128 129 13
0 131 132 133 134 135 136 137 138 139 140[] 
 []

[19 <./MentalHealthGreenSpaceCode_files/figure-latex/local-moran-plot-1.pdf>] [
20 <./MentalHealthGreenSpaceCode_files/figure-latex/map-simulated-landscapes-1.
pdf>] [21 <./MentalHealthGreenSpaceCode_files/figure-latex/spatial-moving-avera
ges-1.pdf>] [22 <./MentalHealthGreenSpaceCode_files/figure-latex/Neighbourhood-
SWM5-1.pdf>] [23 <./MentalHealthGreenSpaceCode_files/figure-latex/Neighbourhood
-SWM10-1.pdf>]
<MentalHealthGreenSpaceCode_files/figure-latex/Neighbourhood-SWM15-1.pdf, id=22
8, 469.755pt x 325.215pt>
File: MentalHealthGreenSpaceCode_files/figure-latex/Neighbourhood-SWM15-1.pdf G
raphic file (type pdf)
<use MentalHealthGreenSpaceCode_files/figure-latex/Neighbourhood-SWM15-1.pdf>
Package pdftex.def Info: MentalHealthGreenSpaceCode_files/figure-latex/Neighbou
rhood-SWM15-1.pdf  used on input line 671.
(pdftex.def)             Requested size: 469.75386pt x 325.2142pt.

Overfull \hbox (1089.49045pt too wide) in paragraph at lines 692--692
[]\T1/lmtt/m/n/10 ## 5 6 7 8 9 10 11 12 15 16 20 21 22 24 25 26 27 28 29 31 33 
35 37 38 39 42 43 44 45 46 47 49 50 51 52 53 57 59 60 61 63 64 65 67 68 70 73 7
4 76 78 79 80 81 83 84 87 89 92 93 94 95 97 98 99 100 102 103 106 107 111 112 1
13 116 117 118 123 124 125 126 127 128 130 131 132 133 134 136 137 138 139 140[
] 
 []

[24 <./MentalHealthGreenSpaceCode_files/figure-latex/Neighbourhood-SWM15-1.pdf>
]
Overfull \hbox (23.74355pt too wide) in paragraph at lines 692--692
[]\T1/lmtt/m/n/10 ## 3 4 14 17 18 30 32 40 72 75 85 86 90 96 101 104 105 110 11
4 120 121 122 129 135 with 1 link[] 
 []

<MentalHealthGreenSpaceCode_files/figure-latex/Linear-Regression-5min-1.pdf, id
=235, 469.755pt x 325.215pt>
File: MentalHealthGreenSpaceCode_files/figure-latex/Linear-Regression-5min-1.pd
f Graphic file (type pdf)
<use MentalHealthGreenSpaceCode_files/figure-latex/Linear-Regression-5min-1.pdf
>
Package pdftex.def Info: MentalHealthGreenSpaceCode_files/figure-latex/Linear-R
egression-5min-1.pdf  used on input line 717.
(pdftex.def)             Requested size: 469.75386pt x 325.2142pt.

Overfull \hbox (49.99347pt too wide) in paragraph at lines 1066--1066
[]\T1/lmtt/m/n/10 ##                                                           
                              Estimate[] 
 []


Overfull \hbox (49.99347pt too wide) in paragraph at lines 1066--1066
[]\T1/lmtt/m/n/10 ## (Intercept)                                               
                          47088.568132[] 
 []


Overfull \hbox (49.99347pt too wide) in paragraph at lines 1066--1066
[]\T1/lmtt/m/n/10 ## Area_5_Transform                                          
                         -12024.570067[] 
 []


Overfull \hbox (49.99347pt too wide) in paragraph at lines 1066--1066
[]\T1/lmtt/m/n/10 ## Unemploy_r                                                
                          24023.765002[] 
 []


Overfull \hbox (49.99347pt too wide) in paragraph at lines 1066--1066
[]\T1/lmtt/m/n/10 ## Prop_Alone                                                
                        3475682.339750[] 
 []


Overfull \hbox (49.99347pt too wide) in paragraph at lines 1066--1066
[]\T1/lmtt/m/n/10 ## PropAge65Plus                                             
                        -237945.836333[] 
 []


Overfull \hbox (49.99347pt too wide) in paragraph at lines 1066--1066
[]\T1/lmtt/m/n/10 ## Med_Ind_In                                                
                              4.073163[] 
 []


Overfull \hbox (49.99347pt too wide) in paragraph at lines 1066--1066
[]\T1/lmtt/m/n/10 ## Prop_Immigrants                                           
                           2843.885342[] 
 []


Overfull \hbox (49.99347pt too wide) in paragraph at lines 1066--1066
[]\T1/lmtt/m/n/10 ## Area_5_Transform:Unemploy_r                               
                          -3883.229137[] 
 []


Overfull \hbox (49.99347pt too wide) in paragraph at lines 1066--1066
[]\T1/lmtt/m/n/10 ## Area_5_Transform:Prop_Alone                               
                        -565222.037279[] 
 []


Overfull \hbox (49.99347pt too wide) in paragraph at lines 1066--1066
[]\T1/lmtt/m/n/10 ## Unemploy_r:Prop_Alone                                     
                        -682853.797626[] 
 []


Overfull \hbox (49.99347pt too wide) in paragraph at lines 1066--1066
[]\T1/lmtt/m/n/10 ## Area_5_Transform:PropAge65Plus                            
                          58077.671335[] 
 []


Overfull \hbox (49.99347pt too wide) in paragraph at lines 1066--1066
[]\T1/lmtt/m/n/10 ## Unemploy_r:PropAge65Plus                                  
                        -182059.547438[] 
 []


Overfull \hbox (49.99347pt too wide) in paragraph at lines 1066--1066
[]\T1/lmtt/m/n/10 ## Prop_Alone:PropAge65Plus                                  
                      -21262967.850576[] 
 []


Overfull \hbox (49.99347pt too wide) in paragraph at lines 1066--1066
[]\T1/lmtt/m/n/10 ## Area_5_Transform:Med_Ind_In                               
                             -0.684320[] 
 []


Overfull \hbox (49.99347pt too wide) in paragraph at lines 1066--1066
[]\T1/lmtt/m/n/10 ## Unemploy_r:Med_Ind_In                                     
                             -1.454598[] 
 []


Overfull \hbox (49.99347pt too wide) in paragraph at lines 1066--1066
[]\T1/lmtt/m/n/10 ## Prop_Alone:Med_Ind_In                                     
                           -133.288570[] 
 []


Overfull \hbox (49.99347pt too wide) in paragraph at lines 1066--1066
[]\T1/lmtt/m/n/10 ## PropAge65Plus:Med_Ind_In                                  
                            -37.593010[] 
 []


Overfull \hbox (49.99347pt too wide) in paragraph at lines 1066--1066
[]\T1/lmtt/m/n/10 ## Area_5_Transform:Prop_Immigrants                          
                           -431.979012[] 
 []


Overfull \hbox (49.99347pt too wide) in paragraph at lines 1066--1066
[]\T1/lmtt/m/n/10 ## Unemploy_r:Prop_Immigrants                                
                           -839.812741[] 
 []


Overfull \hbox (49.99347pt too wide) in paragraph at lines 1066--1066
[]\T1/lmtt/m/n/10 ## Prop_Alone:Prop_Immigrants                                
                         -94817.911674[] 
 []


Overfull \hbox (49.99347pt too wide) in paragraph at lines 1066--1066
[]\T1/lmtt/m/n/10 ## PropAge65Plus:Prop_Immigrants                             
                         -13699.739883[] 
 []

[25] [26 <./MentalHealthGreenSpaceCode_files/figure-latex/Linear-Regression-5mi
n-1.pdf>]
Overfull \hbox (49.99347pt too wide) in paragraph at lines 1066--1066
[]\T1/lmtt/m/n/10 ## Med_Ind_In:Prop_Immigrants                                
                             -0.157179[] 
 []


Overfull \hbox (49.99347pt too wide) in paragraph at lines 1066--1066
[]\T1/lmtt/m/n/10 ## Area_5_Transform:Unemploy_r:Prop_Alone                    
                         117075.038891[] 
 []


Overfull \hbox (49.99347pt too wide) in paragraph at lines 1066--1066
[]\T1/lmtt/m/n/10 ## Area_5_Transform:Unemploy_r:PropAge65Plus                 
                          30523.001442[] 
 []


Overfull \hbox (49.99347pt too wide) in paragraph at lines 1066--1066
[]\T1/lmtt/m/n/10 ## Area_5_Transform:Prop_Alone:PropAge65Plus                 
                        3535004.238057[] 
 []


Overfull \hbox (49.99347pt too wide) in paragraph at lines 1066--1066
[]\T1/lmtt/m/n/10 ## Unemploy_r:Prop_Alone:PropAge65Plus                       
                        4376405.034261[] 
 []


Overfull \hbox (49.99347pt too wide) in paragraph at lines 1066--1066
[]\T1/lmtt/m/n/10 ## Area_5_Transform:Unemploy_r:Med_Ind_In                    
                              0.252321[] 
 []


Overfull \hbox (49.99347pt too wide) in paragraph at lines 1066--1066
[]\T1/lmtt/m/n/10 ## Area_5_Transform:Prop_Alone:Med_Ind_In                    
                             23.339363[] 
 []


Overfull \hbox (49.99347pt too wide) in paragraph at lines 1066--1066
[]\T1/lmtt/m/n/10 ## Unemploy_r:Prop_Alone:Med_Ind_In                          
                             25.022319[] 
 []


Overfull \hbox (49.99347pt too wide) in paragraph at lines 1066--1066
[]\T1/lmtt/m/n/10 ## Area_5_Transform:PropAge65Plus:Med_Ind_In                 
                              6.576646[] 
 []


Overfull \hbox (49.99347pt too wide) in paragraph at lines 1066--1066
[]\T1/lmtt/m/n/10 ## Unemploy_r:PropAge65Plus:Med_Ind_In                       
                             11.749052[] 
 []


Overfull \hbox (49.99347pt too wide) in paragraph at lines 1066--1066
[]\T1/lmtt/m/n/10 ## Prop_Alone:PropAge65Plus:Med_Ind_In                       
                            835.348797[] 
 []


Overfull \hbox (49.99347pt too wide) in paragraph at lines 1066--1066
[]\T1/lmtt/m/n/10 ## Area_5_Transform:Unemploy_r:Prop_Immigrants               
                            141.162666[] 
 []


Overfull \hbox (49.99347pt too wide) in paragraph at lines 1066--1066
[]\T1/lmtt/m/n/10 ## Area_5_Transform:Prop_Alone:Prop_Immigrants               
                          15863.984506[] 
 []


Overfull \hbox (49.99347pt too wide) in paragraph at lines 1066--1066
[]\T1/lmtt/m/n/10 ## Unemploy_r:Prop_Alone:Prop_Immigrants                     
                          15553.288346[] 
 []


Overfull \hbox (49.99347pt too wide) in paragraph at lines 1066--1066
[]\T1/lmtt/m/n/10 ## Area_5_Transform:PropAge65Plus:Prop_Immigrants            
                           2302.719242[] 
 []


Overfull \hbox (49.99347pt too wide) in paragraph at lines 1066--1066
[]\T1/lmtt/m/n/10 ## Unemploy_r:PropAge65Plus:Prop_Immigrants                  
                           5293.462076[] 
 []


Overfull \hbox (49.99347pt too wide) in paragraph at lines 1066--1066
[]\T1/lmtt/m/n/10 ## Prop_Alone:PropAge65Plus:Prop_Immigrants                  
                         540856.989824[] 
 []


Overfull \hbox (49.99347pt too wide) in paragraph at lines 1066--1066
[]\T1/lmtt/m/n/10 ## Area_5_Transform:Med_Ind_In:Prop_Immigrants               
                              0.028191[] 
 []


Overfull \hbox (49.99347pt too wide) in paragraph at lines 1066--1066
[]\T1/lmtt/m/n/10 ## Unemploy_r:Med_Ind_In:Prop_Immigrants                     
                              0.036300[] 
 []


Overfull \hbox (49.99347pt too wide) in paragraph at lines 1066--1066
[]\T1/lmtt/m/n/10 ## Prop_Alone:Med_Ind_In:Prop_Immigrants                     
                              2.942955[] 
 []


Overfull \hbox (49.99347pt too wide) in paragraph at lines 1066--1066
[]\T1/lmtt/m/n/10 ## PropAge65Plus:Med_Ind_In:Prop_Immigrants                  
                              0.923335[] 
 []


Overfull \hbox (49.99347pt too wide) in paragraph at lines 1066--1066
[]\T1/lmtt/m/n/10 ## Area_5_Transform:Unemploy_r:Prop_Alone:PropAge65Plus      
                        -758590.520871[] 
 []


Overfull \hbox (49.99347pt too wide) in paragraph at lines 1066--1066
[]\T1/lmtt/m/n/10 ## Area_5_Transform:Unemploy_r:Prop_Alone:Med_Ind_In         
                             -4.438415[] 
 []


Overfull \hbox (49.99347pt too wide) in paragraph at lines 1066--1066
[]\T1/lmtt/m/n/10 ## Area_5_Transform:Unemploy_r:PropAge65Plus:Med_Ind_In      
                             -2.051295[] 
 []


Overfull \hbox (49.99347pt too wide) in paragraph at lines 1066--1066
[]\T1/lmtt/m/n/10 ## Area_5_Transform:Prop_Alone:PropAge65Plus:Med_Ind_In      
                           -148.738025[] 
 []


Overfull \hbox (49.99347pt too wide) in paragraph at lines 1066--1066
[]\T1/lmtt/m/n/10 ## Unemploy_r:Prop_Alone:PropAge65Plus:Med_Ind_In            
                           -163.233603[] 
 []


Overfull \hbox (49.99347pt too wide) in paragraph at lines 1066--1066
[]\T1/lmtt/m/n/10 ## Area_5_Transform:Unemploy_r:Prop_Alone:Prop_Immigrants    
                          -2687.832531[] 
 []


Overfull \hbox (49.99347pt too wide) in paragraph at lines 1066--1066
[]\T1/lmtt/m/n/10 ## Area_5_Transform:Unemploy_r:PropAge65Plus:Prop_Immigrants 
                           -920.007350[] 
 []


Overfull \hbox (49.99347pt too wide) in paragraph at lines 1066--1066
[]\T1/lmtt/m/n/10 ## Area_5_Transform:Prop_Alone:PropAge65Plus:Prop_Immigrants 
                         -92861.489147[] 
 []


Overfull \hbox (49.99347pt too wide) in paragraph at lines 1066--1066
[]\T1/lmtt/m/n/10 ## Unemploy_r:Prop_Alone:PropAge65Plus:Prop_Immigrants       
                         -92792.135172[] 
 []


Overfull \hbox (49.99347pt too wide) in paragraph at lines 1066--1066
[]\T1/lmtt/m/n/10 ## Area_5_Transform:Unemploy_r:Med_Ind_In:Prop_Immigrants    
                             -0.006418[] 
 []


Overfull \hbox (49.99347pt too wide) in paragraph at lines 1066--1066
[]\T1/lmtt/m/n/10 ## Area_5_Transform:Prop_Alone:Med_Ind_In:Prop_Immigrants    
                             -0.531343[] 
 []


Overfull \hbox (49.99347pt too wide) in paragraph at lines 1066--1066
[]\T1/lmtt/m/n/10 ## Unemploy_r:Prop_Alone:Med_Ind_In:Prop_Immigrants          
                             -0.507582[] 
 []


Overfull \hbox (49.99347pt too wide) in paragraph at lines 1066--1066
[]\T1/lmtt/m/n/10 ## Area_5_Transform:PropAge65Plus:Med_Ind_In:Prop_Immigrants 
                             -0.176537[] 
 []


Overfull \hbox (49.99347pt too wide) in paragraph at lines 1066--1066
[]\T1/lmtt/m/n/10 ## Unemploy_r:PropAge65Plus:Med_Ind_In:Prop_Immigrants       
                             -0.245220[] 
 []


Overfull \hbox (49.99347pt too wide) in paragraph at lines 1066--1066
[]\T1/lmtt/m/n/10 ## Prop_Alone:PropAge65Plus:Med_Ind_In:Prop_Immigrants       
                            -15.606599[] 
 []


Overfull \hbox (49.99347pt too wide) in paragraph at lines 1066--1066
[]\T1/lmtt/m/n/10 ## Area_5_Transform:Unemploy_r:Prop_Alone:PropAge65Plus:Med_I
nd_In                        29.170846[] 
 []


Overfull \hbox (49.99347pt too wide) in paragraph at lines 1066--1066
[]\T1/lmtt/m/n/10 ## Area_5_Transform:Unemploy_r:Prop_Alone:PropAge65Plus:Prop_
Immigrants                16315.559355[] 
 []


Overfull \hbox (49.99347pt too wide) in paragraph at lines 1066--1066
[]\T1/lmtt/m/n/10 ## Area_5_Transform:Unemploy_r:Prop_Alone:Med_Ind_In:Prop_Imm
igrants                       0.091795[] 
 []


Overfull \hbox (49.99347pt too wide) in paragraph at lines 1066--1066
[]\T1/lmtt/m/n/10 ## Area_5_Transform:Unemploy_r:PropAge65Plus:Med_Ind_In:Prop_
Immigrants                    0.044262[] 
 []


Overfull \hbox (49.99347pt too wide) in paragraph at lines 1066--1066
[]\T1/lmtt/m/n/10 ## Area_5_Transform:Prop_Alone:PropAge65Plus:Med_Ind_In:Prop_
Immigrants                    2.933798[] 
 []


Overfull \hbox (49.99347pt too wide) in paragraph at lines 1066--1066
[]\T1/lmtt/m/n/10 ## Unemploy_r:Prop_Alone:PropAge65Plus:Med_Ind_In:Prop_Immigr
ants                          2.920342[] 
 []


Overfull \hbox (49.99347pt too wide) in paragraph at lines 1066--1066
[]\T1/lmtt/m/n/10 ## Area_5_Transform:Unemploy_r:Prop_Alone:PropAge65Plus:Med_I
nd_In:Prop_Immigrants        -0.540377[] 
 []


Overfull \hbox (49.99347pt too wide) in paragraph at lines 1066--1066
[]\T1/lmtt/m/n/10 ##                                                           
                            Std. Error[] 
 []


Overfull \hbox (49.99347pt too wide) in paragraph at lines 1066--1066
[]\T1/lmtt/m/n/10 ## (Intercept)                                               
                         390047.581417[] 
 []


Overfull \hbox (49.99347pt too wide) in paragraph at lines 1066--1066
[]\T1/lmtt/m/n/10 ## Area_5_Transform                                          
                          65586.822536[] 
 []


Overfull \hbox (49.99347pt too wide) in paragraph at lines 1066--1066
[]\T1/lmtt/m/n/10 ## Unemploy_r                                                
                          43027.318680[] 
 []


Overfull \hbox (49.99347pt too wide) in paragraph at lines 1066--1066
[]\T1/lmtt/m/n/10 ## Prop_Alone                                                
                        2659967.914754[] 
 []


Overfull \hbox (49.99347pt too wide) in paragraph at lines 1066--1066
[]\T1/lmtt/m/n/10 ## PropAge65Plus                                             
                        2638007.926984[] 
 []


Overfull \hbox (49.99347pt too wide) in paragraph at lines 1066--1066
[]\T1/lmtt/m/n/10 ## Med_Ind_In                                                
                             12.974028[] 
 []


Overfull \hbox (49.99347pt too wide) in paragraph at lines 1066--1066
[]\T1/lmtt/m/n/10 ## Prop_Immigrants                                           
                           9811.585288[] 
 []


Overfull \hbox (49.99347pt too wide) in paragraph at lines 1066--1066
[]\T1/lmtt/m/n/10 ## Area_5_Transform:Unemploy_r                               
                           7217.687848[] 
 []


Overfull \hbox (49.99347pt too wide) in paragraph at lines 1066--1066
[]\T1/lmtt/m/n/10 ## Area_5_Transform:Prop_Alone                               
                         446382.127883[] 
 []

[27]
Overfull \hbox (49.99347pt too wide) in paragraph at lines 1066--1066
[]\T1/lmtt/m/n/10 ## Unemploy_r:Prop_Alone                                     
                         304547.195039[] 
 []


Overfull \hbox (49.99347pt too wide) in paragraph at lines 1066--1066
[]\T1/lmtt/m/n/10 ## Area_5_Transform:PropAge65Plus                            
                         438920.415672[] 
 []


Overfull \hbox (49.99347pt too wide) in paragraph at lines 1066--1066
[]\T1/lmtt/m/n/10 ## Unemploy_r:PropAge65Plus                                  
                         316465.714157[] 
 []


Overfull \hbox (49.99347pt too wide) in paragraph at lines 1066--1066
[]\T1/lmtt/m/n/10 ## Prop_Alone:PropAge65Plus                                  
                       18954493.593107[] 
 []


Overfull \hbox (49.99347pt too wide) in paragraph at lines 1066--1066
[]\T1/lmtt/m/n/10 ## Area_5_Transform:Med_Ind_In                               
                              2.145541[] 
 []


Overfull \hbox (49.99347pt too wide) in paragraph at lines 1066--1066
[]\T1/lmtt/m/n/10 ## Unemploy_r:Med_Ind_In                                     
                              1.908996[] 
 []


Overfull \hbox (49.99347pt too wide) in paragraph at lines 1066--1066
[]\T1/lmtt/m/n/10 ## Prop_Alone:Med_Ind_In                                     
                             84.758971[] 
 []


Overfull \hbox (49.99347pt too wide) in paragraph at lines 1066--1066
[]\T1/lmtt/m/n/10 ## PropAge65Plus:Med_Ind_In                                  
                             97.191610[] 
 []


Overfull \hbox (49.99347pt too wide) in paragraph at lines 1066--1066
[]\T1/lmtt/m/n/10 ## Area_5_Transform:Prop_Immigrants                          
                           1589.779628[] 
 []


Overfull \hbox (49.99347pt too wide) in paragraph at lines 1066--1066
[]\T1/lmtt/m/n/10 ## Unemploy_r:Prop_Immigrants                                
                            978.009319[] 
 []


Overfull \hbox (49.99347pt too wide) in paragraph at lines 1066--1066
[]\T1/lmtt/m/n/10 ## Prop_Alone:Prop_Immigrants                                
                          72153.867531[] 
 []


Overfull \hbox (49.99347pt too wide) in paragraph at lines 1066--1066
[]\T1/lmtt/m/n/10 ## PropAge65Plus:Prop_Immigrants                             
                          72361.387974[] 
 []


Overfull \hbox (49.99347pt too wide) in paragraph at lines 1066--1066
[]\T1/lmtt/m/n/10 ## Med_Ind_In:Prop_Immigrants                                
                              0.395693[] 
 []


Overfull \hbox (49.99347pt too wide) in paragraph at lines 1066--1066
[]\T1/lmtt/m/n/10 ## Area_5_Transform:Unemploy_r:Prop_Alone                    
                          51427.215386[] 
 []


Overfull \hbox (49.99347pt too wide) in paragraph at lines 1066--1066
[]\T1/lmtt/m/n/10 ## Area_5_Transform:Unemploy_r:PropAge65Plus                 
                          52586.953979[] 
 []


Overfull \hbox (49.99347pt too wide) in paragraph at lines 1066--1066
[]\T1/lmtt/m/n/10 ## Area_5_Transform:Prop_Alone:PropAge65Plus                 
                        3146213.218208[] 
 []


Overfull \hbox (49.99347pt too wide) in paragraph at lines 1066--1066
[]\T1/lmtt/m/n/10 ## Unemploy_r:Prop_Alone:PropAge65Plus                       
                        2281449.158283[] 
 []


Overfull \hbox (49.99347pt too wide) in paragraph at lines 1066--1066
[]\T1/lmtt/m/n/10 ## Area_5_Transform:Unemploy_r:Med_Ind_In                    
                              0.321979[] 
 []


Overfull \hbox (49.99347pt too wide) in paragraph at lines 1066--1066
[]\T1/lmtt/m/n/10 ## Area_5_Transform:Prop_Alone:Med_Ind_In                    
                             14.053313[] 
 []


Overfull \hbox (49.99347pt too wide) in paragraph at lines 1066--1066
[]\T1/lmtt/m/n/10 ## Unemploy_r:Prop_Alone:Med_Ind_In                          
                             13.014921[] 
 []


Overfull \hbox (49.99347pt too wide) in paragraph at lines 1066--1066
[]\T1/lmtt/m/n/10 ## Area_5_Transform:PropAge65Plus:Med_Ind_In                 
                             15.899110[] 
 []


Overfull \hbox (49.99347pt too wide) in paragraph at lines 1066--1066
[]\T1/lmtt/m/n/10 ## Unemploy_r:PropAge65Plus:Med_Ind_In                       
                             14.558818[] 
 []


Overfull \hbox (49.99347pt too wide) in paragraph at lines 1066--1066
[]\T1/lmtt/m/n/10 ## Prop_Alone:PropAge65Plus:Med_Ind_In                       
                            659.112520[] 
 []


Overfull \hbox (49.99347pt too wide) in paragraph at lines 1066--1066
[]\T1/lmtt/m/n/10 ## Area_5_Transform:Unemploy_r:Prop_Immigrants               
                            159.153687[] 
 []


Overfull \hbox (49.99347pt too wide) in paragraph at lines 1066--1066
[]\T1/lmtt/m/n/10 ## Area_5_Transform:Prop_Alone:Prop_Immigrants               
                          11640.119646[] 
 []


Overfull \hbox (49.99347pt too wide) in paragraph at lines 1066--1066
[]\T1/lmtt/m/n/10 ## Unemploy_r:Prop_Alone:Prop_Immigrants                     
                           7665.023146[] 
 []


Overfull \hbox (49.99347pt too wide) in paragraph at lines 1066--1066
[]\T1/lmtt/m/n/10 ## Area_5_Transform:PropAge65Plus:Prop_Immigrants            
                          11660.642577[] 
 []


Overfull \hbox (49.99347pt too wide) in paragraph at lines 1066--1066
[]\T1/lmtt/m/n/10 ## Unemploy_r:PropAge65Plus:Prop_Immigrants                  
                           7625.475437[] 
 []


Overfull \hbox (49.99347pt too wide) in paragraph at lines 1066--1066
[]\T1/lmtt/m/n/10 ## Prop_Alone:PropAge65Plus:Prop_Immigrants                  
                         571731.164612[] 
 []


Overfull \hbox (49.99347pt too wide) in paragraph at lines 1066--1066
[]\T1/lmtt/m/n/10 ## Area_5_Transform:Med_Ind_In:Prop_Immigrants               
                              0.064035[] 
 []


Overfull \hbox (49.99347pt too wide) in paragraph at lines 1066--1066
[]\T1/lmtt/m/n/10 ## Unemploy_r:Med_Ind_In:Prop_Immigrants                     
                              0.046659[] 
 []


Overfull \hbox (49.99347pt too wide) in paragraph at lines 1066--1066
[]\T1/lmtt/m/n/10 ## Prop_Alone:Med_Ind_In:Prop_Immigrants                     
                              2.697825[] 
 []


Overfull \hbox (49.99347pt too wide) in paragraph at lines 1066--1066
[]\T1/lmtt/m/n/10 ## PropAge65Plus:Med_Ind_In:Prop_Immigrants                  
                              3.027326[] 
 []


Overfull \hbox (49.99347pt too wide) in paragraph at lines 1066--1066
[]\T1/lmtt/m/n/10 ## Area_5_Transform:Unemploy_r:Prop_Alone:PropAge65Plus      
                         381851.055695[] 
 []


Overfull \hbox (49.99347pt too wide) in paragraph at lines 1066--1066
[]\T1/lmtt/m/n/10 ## Area_5_Transform:Unemploy_r:Prop_Alone:Med_Ind_In         
                              2.222380[] 
 []


Overfull \hbox (49.99347pt too wide) in paragraph at lines 1066--1066
[]\T1/lmtt/m/n/10 ## Area_5_Transform:Unemploy_r:PropAge65Plus:Med_Ind_In      
                              2.432897[] 
 []


Overfull \hbox (49.99347pt too wide) in paragraph at lines 1066--1066
[]\T1/lmtt/m/n/10 ## Area_5_Transform:Prop_Alone:PropAge65Plus:Med_Ind_In      
                            107.749876[] 
 []


Overfull \hbox (49.99347pt too wide) in paragraph at lines 1066--1066
[]\T1/lmtt/m/n/10 ## Unemploy_r:Prop_Alone:PropAge65Plus:Med_Ind_In            
                             98.651160[] 
 []


Overfull \hbox (49.99347pt too wide) in paragraph at lines 1066--1066
[]\T1/lmtt/m/n/10 ## Area_5_Transform:Unemploy_r:Prop_Alone:Prop_Immigrants    
                           1246.804038[] 
 []


Overfull \hbox (49.99347pt too wide) in paragraph at lines 1066--1066
[]\T1/lmtt/m/n/10 ## Area_5_Transform:Unemploy_r:PropAge65Plus:Prop_Immigrants 
                           1236.504405[] 
 []


Overfull \hbox (49.99347pt too wide) in paragraph at lines 1066--1066
[]\T1/lmtt/m/n/10 ## Area_5_Transform:Prop_Alone:PropAge65Plus:Prop_Immigrants 
                          91862.532995[] 
 []


Overfull \hbox (49.99347pt too wide) in paragraph at lines 1066--1066
[]\T1/lmtt/m/n/10 ## Unemploy_r:Prop_Alone:PropAge65Plus:Prop_Immigrants       
                          63393.126883[] 
 []


Overfull \hbox (49.99347pt too wide) in paragraph at lines 1066--1066
[]\T1/lmtt/m/n/10 ## Area_5_Transform:Unemploy_r:Med_Ind_In:Prop_Immigrants    
                              0.007694[] 
 []


Overfull \hbox (49.99347pt too wide) in paragraph at lines 1066--1066
[]\T1/lmtt/m/n/10 ## Area_5_Transform:Prop_Alone:Med_Ind_In:Prop_Immigrants    
                              0.434680[] 
 []


Overfull \hbox (49.99347pt too wide) in paragraph at lines 1066--1066
[]\T1/lmtt/m/n/10 ## Unemploy_r:Prop_Alone:Med_Ind_In:Prop_Immigrants          
                              0.338324[] 
 []


Overfull \hbox (49.99347pt too wide) in paragraph at lines 1066--1066
[]\T1/lmtt/m/n/10 ## Area_5_Transform:PropAge65Plus:Med_Ind_In:Prop_Immigrants 
                              0.488550[] 
 []


Overfull \hbox (49.99347pt too wide) in paragraph at lines 1066--1066
[]\T1/lmtt/m/n/10 ## Unemploy_r:PropAge65Plus:Med_Ind_In:Prop_Immigrants       
                              0.360913[] 
 []


Overfull \hbox (49.99347pt too wide) in paragraph at lines 1066--1066
[]\T1/lmtt/m/n/10 ## Prop_Alone:PropAge65Plus:Med_Ind_In:Prop_Immigrants       
                             22.514438[] 
 []


Overfull \hbox (49.99347pt too wide) in paragraph at lines 1066--1066
[]\T1/lmtt/m/n/10 ## Area_5_Transform:Unemploy_r:Prop_Alone:PropAge65Plus:Med_I
nd_In                        16.649449[] 
 []


Overfull \hbox (49.99347pt too wide) in paragraph at lines 1066--1066
[]\T1/lmtt/m/n/10 ## Area_5_Transform:Unemploy_r:Prop_Alone:PropAge65Plus:Prop_
Immigrants                10260.964602[] 
 []


Overfull \hbox (49.99347pt too wide) in paragraph at lines 1066--1066
[]\T1/lmtt/m/n/10 ## Area_5_Transform:Unemploy_r:Prop_Alone:Med_Ind_In:Prop_Imm
igrants                       0.055978[] 
 []


Overfull \hbox (49.99347pt too wide) in paragraph at lines 1066--1066
[]\T1/lmtt/m/n/10 ## Area_5_Transform:Unemploy_r:PropAge65Plus:Med_Ind_In:Prop_
Immigrants                    0.059261[] 
 []


Overfull \hbox (49.99347pt too wide) in paragraph at lines 1066--1066
[]\T1/lmtt/m/n/10 ## Area_5_Transform:Prop_Alone:PropAge65Plus:Med_Ind_In:Prop_
Immigrants                    3.617478[] 
 []


Overfull \hbox (49.99347pt too wide) in paragraph at lines 1066--1066
[]\T1/lmtt/m/n/10 ## Unemploy_r:Prop_Alone:PropAge65Plus:Med_Ind_In:Prop_Immigr
ants                          2.773099[] 
 []

[28]
Overfull \hbox (49.99347pt too wide) in paragraph at lines 1066--1066
[]\T1/lmtt/m/n/10 ## Area_5_Transform:Unemploy_r:Prop_Alone:PropAge65Plus:Med_I
nd_In:Prop_Immigrants         0.454496[] 
 []


Overfull \hbox (2.7436pt too wide) in paragraph at lines 1066--1066
[]\T1/lmtt/m/n/10 ##                                                           
                      t value[] 
 []


Overfull \hbox (2.7436pt too wide) in paragraph at lines 1066--1066
[]\T1/lmtt/m/n/10 ## (Intercept)                                               
                        0.121[] 
 []


Overfull \hbox (2.7436pt too wide) in paragraph at lines 1066--1066
[]\T1/lmtt/m/n/10 ## Area_5_Transform                                          
                       -0.183[] 
 []


Overfull \hbox (2.7436pt too wide) in paragraph at lines 1066--1066
[]\T1/lmtt/m/n/10 ## Unemploy_r                                                
                        0.558[] 
 []


Overfull \hbox (2.7436pt too wide) in paragraph at lines 1066--1066
[]\T1/lmtt/m/n/10 ## Prop_Alone                                                
                        1.307[] 
 []


Overfull \hbox (2.7436pt too wide) in paragraph at lines 1066--1066
[]\T1/lmtt/m/n/10 ## PropAge65Plus                                             
                       -0.090[] 
 []


Overfull \hbox (2.7436pt too wide) in paragraph at lines 1066--1066
[]\T1/lmtt/m/n/10 ## Med_Ind_In                                                
                        0.314[] 
 []


Overfull \hbox (2.7436pt too wide) in paragraph at lines 1066--1066
[]\T1/lmtt/m/n/10 ## Prop_Immigrants                                           
                        0.290[] 
 []


Overfull \hbox (2.7436pt too wide) in paragraph at lines 1066--1066
[]\T1/lmtt/m/n/10 ## Area_5_Transform:Unemploy_r                               
                       -0.538[] 
 []


Overfull \hbox (2.7436pt too wide) in paragraph at lines 1066--1066
[]\T1/lmtt/m/n/10 ## Area_5_Transform:Prop_Alone                               
                       -1.266[] 
 []


Overfull \hbox (2.7436pt too wide) in paragraph at lines 1066--1066
[]\T1/lmtt/m/n/10 ## Unemploy_r:Prop_Alone                                     
                       -2.242[] 
 []


Overfull \hbox (2.7436pt too wide) in paragraph at lines 1066--1066
[]\T1/lmtt/m/n/10 ## Area_5_Transform:PropAge65Plus                            
                        0.132[] 
 []


Overfull \hbox (2.7436pt too wide) in paragraph at lines 1066--1066
[]\T1/lmtt/m/n/10 ## Unemploy_r:PropAge65Plus                                  
                       -0.575[] 
 []


Overfull \hbox (2.7436pt too wide) in paragraph at lines 1066--1066
[]\T1/lmtt/m/n/10 ## Prop_Alone:PropAge65Plus                                  
                       -1.122[] 
 []


Overfull \hbox (2.7436pt too wide) in paragraph at lines 1066--1066
[]\T1/lmtt/m/n/10 ## Area_5_Transform:Med_Ind_In                               
                       -0.319[] 
 []


Overfull \hbox (2.7436pt too wide) in paragraph at lines 1066--1066
[]\T1/lmtt/m/n/10 ## Unemploy_r:Med_Ind_In                                     
                       -0.762[] 
 []


Overfull \hbox (2.7436pt too wide) in paragraph at lines 1066--1066
[]\T1/lmtt/m/n/10 ## Prop_Alone:Med_Ind_In                                     
                       -1.573[] 
 []


Overfull \hbox (2.7436pt too wide) in paragraph at lines 1066--1066
[]\T1/lmtt/m/n/10 ## PropAge65Plus:Med_Ind_In                                  
                       -0.387[] 
 []


Overfull \hbox (2.7436pt too wide) in paragraph at lines 1066--1066
[]\T1/lmtt/m/n/10 ## Area_5_Transform:Prop_Immigrants                          
                       -0.272[] 
 []


Overfull \hbox (2.7436pt too wide) in paragraph at lines 1066--1066
[]\T1/lmtt/m/n/10 ## Unemploy_r:Prop_Immigrants                                
                       -0.859[] 
 []


Overfull \hbox (2.7436pt too wide) in paragraph at lines 1066--1066
[]\T1/lmtt/m/n/10 ## Prop_Alone:Prop_Immigrants                                
                       -1.314[] 
 []


Overfull \hbox (2.7436pt too wide) in paragraph at lines 1066--1066
[]\T1/lmtt/m/n/10 ## PropAge65Plus:Prop_Immigrants                             
                       -0.189[] 
 []


Overfull \hbox (2.7436pt too wide) in paragraph at lines 1066--1066
[]\T1/lmtt/m/n/10 ## Med_Ind_In:Prop_Immigrants                                
                       -0.397[] 
 []


Overfull \hbox (2.7436pt too wide) in paragraph at lines 1066--1066
[]\T1/lmtt/m/n/10 ## Area_5_Transform:Unemploy_r:Prop_Alone                    
                        2.277[] 
 []


Overfull \hbox (2.7436pt too wide) in paragraph at lines 1066--1066
[]\T1/lmtt/m/n/10 ## Area_5_Transform:Unemploy_r:PropAge65Plus                 
                        0.580[] 
 []


Overfull \hbox (2.7436pt too wide) in paragraph at lines 1066--1066
[]\T1/lmtt/m/n/10 ## Area_5_Transform:Prop_Alone:PropAge65Plus                 
                        1.124[] 
 []


Overfull \hbox (2.7436pt too wide) in paragraph at lines 1066--1066
[]\T1/lmtt/m/n/10 ## Unemploy_r:Prop_Alone:PropAge65Plus                       
                        1.918[] 
 []


Overfull \hbox (2.7436pt too wide) in paragraph at lines 1066--1066
[]\T1/lmtt/m/n/10 ## Area_5_Transform:Unemploy_r:Med_Ind_In                    
                        0.784[] 
 []


Overfull \hbox (2.7436pt too wide) in paragraph at lines 1066--1066
[]\T1/lmtt/m/n/10 ## Area_5_Transform:Prop_Alone:Med_Ind_In                    
                        1.661[] 
 []


Overfull \hbox (2.7436pt too wide) in paragraph at lines 1066--1066
[]\T1/lmtt/m/n/10 ## Unemploy_r:Prop_Alone:Med_Ind_In                          
                        1.923[] 
 []


Overfull \hbox (2.7436pt too wide) in paragraph at lines 1066--1066
[]\T1/lmtt/m/n/10 ## Area_5_Transform:PropAge65Plus:Med_Ind_In                 
                        0.414[] 
 []


Overfull \hbox (2.7436pt too wide) in paragraph at lines 1066--1066
[]\T1/lmtt/m/n/10 ## Unemploy_r:PropAge65Plus:Med_Ind_In                       
                        0.807[] 
 []


Overfull \hbox (2.7436pt too wide) in paragraph at lines 1066--1066
[]\T1/lmtt/m/n/10 ## Prop_Alone:PropAge65Plus:Med_Ind_In                       
                        1.267[] 
 []


Overfull \hbox (2.7436pt too wide) in paragraph at lines 1066--1066
[]\T1/lmtt/m/n/10 ## Area_5_Transform:Unemploy_r:Prop_Immigrants               
                        0.887[] 
 []


Overfull \hbox (2.7436pt too wide) in paragraph at lines 1066--1066
[]\T1/lmtt/m/n/10 ## Area_5_Transform:Prop_Alone:Prop_Immigrants               
                        1.363[] 
 []


Overfull \hbox (2.7436pt too wide) in paragraph at lines 1066--1066
[]\T1/lmtt/m/n/10 ## Unemploy_r:Prop_Alone:Prop_Immigrants                     
                        2.029[] 
 []


Overfull \hbox (2.7436pt too wide) in paragraph at lines 1066--1066
[]\T1/lmtt/m/n/10 ## Area_5_Transform:PropAge65Plus:Prop_Immigrants            
                        0.197[] 
 []


Overfull \hbox (2.7436pt too wide) in paragraph at lines 1066--1066
[]\T1/lmtt/m/n/10 ## Unemploy_r:PropAge65Plus:Prop_Immigrants                  
                        0.694[] 
 []


Overfull \hbox (2.7436pt too wide) in paragraph at lines 1066--1066
[]\T1/lmtt/m/n/10 ## Prop_Alone:PropAge65Plus:Prop_Immigrants                  
                        0.946[] 
 []


Overfull \hbox (2.7436pt too wide) in paragraph at lines 1066--1066
[]\T1/lmtt/m/n/10 ## Area_5_Transform:Med_Ind_In:Prop_Immigrants               
                        0.440[] 
 []


Overfull \hbox (2.7436pt too wide) in paragraph at lines 1066--1066
[]\T1/lmtt/m/n/10 ## Unemploy_r:Med_Ind_In:Prop_Immigrants                     
                        0.778[] 
 []


Overfull \hbox (2.7436pt too wide) in paragraph at lines 1066--1066
[]\T1/lmtt/m/n/10 ## Prop_Alone:Med_Ind_In:Prop_Immigrants                     
                        1.091[] 
 []


Overfull \hbox (2.7436pt too wide) in paragraph at lines 1066--1066
[]\T1/lmtt/m/n/10 ## PropAge65Plus:Med_Ind_In:Prop_Immigrants                  
                        0.305[] 
 []


Overfull \hbox (2.7436pt too wide) in paragraph at lines 1066--1066
[]\T1/lmtt/m/n/10 ## Area_5_Transform:Unemploy_r:Prop_Alone:PropAge65Plus      
                       -1.987[] 
 []


Overfull \hbox (2.7436pt too wide) in paragraph at lines 1066--1066
[]\T1/lmtt/m/n/10 ## Area_5_Transform:Unemploy_r:Prop_Alone:Med_Ind_In         
                       -1.997[] 
 []


Overfull \hbox (2.7436pt too wide) in paragraph at lines 1066--1066
[]\T1/lmtt/m/n/10 ## Area_5_Transform:Unemploy_r:PropAge65Plus:Med_Ind_In      
                       -0.843[] 
 []


Overfull \hbox (2.7436pt too wide) in paragraph at lines 1066--1066
[]\T1/lmtt/m/n/10 ## Area_5_Transform:Prop_Alone:PropAge65Plus:Med_Ind_In      
                       -1.380[] 
 []


Overfull \hbox (2.7436pt too wide) in paragraph at lines 1066--1066
[]\T1/lmtt/m/n/10 ## Unemploy_r:Prop_Alone:PropAge65Plus:Med_Ind_In            
                       -1.655[] 
 []


Overfull \hbox (2.7436pt too wide) in paragraph at lines 1066--1066
[]\T1/lmtt/m/n/10 ## Area_5_Transform:Unemploy_r:Prop_Alone:Prop_Immigrants    
                       -2.156[] 
 []


Overfull \hbox (2.7436pt too wide) in paragraph at lines 1066--1066
[]\T1/lmtt/m/n/10 ## Area_5_Transform:Unemploy_r:PropAge65Plus:Prop_Immigrants 
                       -0.744[] 
 []


Overfull \hbox (2.7436pt too wide) in paragraph at lines 1066--1066
[]\T1/lmtt/m/n/10 ## Area_5_Transform:Prop_Alone:PropAge65Plus:Prop_Immigrants 
                       -1.011[] 
 []


Overfull \hbox (2.7436pt too wide) in paragraph at lines 1066--1066
[]\T1/lmtt/m/n/10 ## Unemploy_r:Prop_Alone:PropAge65Plus:Prop_Immigrants       
                       -1.464[] 
 []


Overfull \hbox (2.7436pt too wide) in paragraph at lines 1066--1066
[]\T1/lmtt/m/n/10 ## Area_5_Transform:Unemploy_r:Med_Ind_In:Prop_Immigrants    
                       -0.834[] 
 []

[29]
Overfull \hbox (2.7436pt too wide) in paragraph at lines 1066--1066
[]\T1/lmtt/m/n/10 ## Area_5_Transform:Prop_Alone:Med_Ind_In:Prop_Immigrants    
                       -1.222[] 
 []


Overfull \hbox (2.7436pt too wide) in paragraph at lines 1066--1066
[]\T1/lmtt/m/n/10 ## Unemploy_r:Prop_Alone:Med_Ind_In:Prop_Immigrants          
                       -1.500[] 
 []


Overfull \hbox (2.7436pt too wide) in paragraph at lines 1066--1066
[]\T1/lmtt/m/n/10 ## Area_5_Transform:PropAge65Plus:Med_Ind_In:Prop_Immigrants 
                       -0.361[] 
 []


Overfull \hbox (2.7436pt too wide) in paragraph at lines 1066--1066
[]\T1/lmtt/m/n/10 ## Unemploy_r:PropAge65Plus:Med_Ind_In:Prop_Immigrants       
                       -0.679[] 
 []


Overfull \hbox (2.7436pt too wide) in paragraph at lines 1066--1066
[]\T1/lmtt/m/n/10 ## Prop_Alone:PropAge65Plus:Med_Ind_In:Prop_Immigrants       
                       -0.693[] 
 []


Overfull \hbox (2.7436pt too wide) in paragraph at lines 1066--1066
[]\T1/lmtt/m/n/10 ## Area_5_Transform:Unemploy_r:Prop_Alone:PropAge65Plus:Med_I
nd_In                   1.752[] 
 []


Overfull \hbox (2.7436pt too wide) in paragraph at lines 1066--1066
[]\T1/lmtt/m/n/10 ## Area_5_Transform:Unemploy_r:Prop_Alone:PropAge65Plus:Prop_
Immigrants              1.590[] 
 []


Overfull \hbox (2.7436pt too wide) in paragraph at lines 1066--1066
[]\T1/lmtt/m/n/10 ## Area_5_Transform:Unemploy_r:Prop_Alone:Med_Ind_In:Prop_Imm
igrants                 1.640[] 
 []


Overfull \hbox (2.7436pt too wide) in paragraph at lines 1066--1066
[]\T1/lmtt/m/n/10 ## Area_5_Transform:Unemploy_r:PropAge65Plus:Med_Ind_In:Prop_
Immigrants              0.747[] 
 []


Overfull \hbox (2.7436pt too wide) in paragraph at lines 1066--1066
[]\T1/lmtt/m/n/10 ## Area_5_Transform:Prop_Alone:PropAge65Plus:Med_Ind_In:Prop_
Immigrants              0.811[] 
 []


Overfull \hbox (2.7436pt too wide) in paragraph at lines 1066--1066
[]\T1/lmtt/m/n/10 ## Unemploy_r:Prop_Alone:PropAge65Plus:Med_Ind_In:Prop_Immigr
ants                    1.053[] 
 []


Overfull \hbox (2.7436pt too wide) in paragraph at lines 1066--1066
[]\T1/lmtt/m/n/10 ## Area_5_Transform:Unemploy_r:Prop_Alone:PropAge65Plus:Med_I
nd_In:Prop_Immigrants  -1.189[] 
 []


Overfull \hbox (7.99359pt too wide) in paragraph at lines 1066--1066
[]\T1/lmtt/m/n/10 ##                                                           
                      Pr(>|t|)[] 
 []


Overfull \hbox (7.99359pt too wide) in paragraph at lines 1066--1066
[]\T1/lmtt/m/n/10 ## (Intercept)                                               
                        0.9042[] 
 []


Overfull \hbox (7.99359pt too wide) in paragraph at lines 1066--1066
[]\T1/lmtt/m/n/10 ## Area_5_Transform                                          
                        0.8551[] 
 []


Overfull \hbox (7.99359pt too wide) in paragraph at lines 1066--1066
[]\T1/lmtt/m/n/10 ## Unemploy_r                                                
                        0.5784[] 
 []


Overfull \hbox (7.99359pt too wide) in paragraph at lines 1066--1066
[]\T1/lmtt/m/n/10 ## Prop_Alone                                                
                        0.1955[] 
 []


Overfull \hbox (7.99359pt too wide) in paragraph at lines 1066--1066
[]\T1/lmtt/m/n/10 ## PropAge65Plus                                             
                        0.9284[] 
 []


Overfull \hbox (7.99359pt too wide) in paragraph at lines 1066--1066
[]\T1/lmtt/m/n/10 ## Med_Ind_In                                                
                        0.7545[] 
 []


Overfull \hbox (7.99359pt too wide) in paragraph at lines 1066--1066
[]\T1/lmtt/m/n/10 ## Prop_Immigrants                                           
                        0.7728[] 
 []


Overfull \hbox (7.99359pt too wide) in paragraph at lines 1066--1066
[]\T1/lmtt/m/n/10 ## Area_5_Transform:Unemploy_r                               
                        0.5922[] 
 []


Overfull \hbox (7.99359pt too wide) in paragraph at lines 1066--1066
[]\T1/lmtt/m/n/10 ## Area_5_Transform:Prop_Alone                               
                        0.2096[] 
 []


Overfull \hbox (7.99359pt too wide) in paragraph at lines 1066--1066
[]\T1/lmtt/m/n/10 ## Unemploy_r:Prop_Alone                                     
                        0.0281[] 
 []


Overfull \hbox (7.99359pt too wide) in paragraph at lines 1066--1066
[]\T1/lmtt/m/n/10 ## Area_5_Transform:PropAge65Plus                            
                        0.8951[] 
 []


Overfull \hbox (7.99359pt too wide) in paragraph at lines 1066--1066
[]\T1/lmtt/m/n/10 ## Unemploy_r:PropAge65Plus                                  
                        0.5669[] 
 []


Overfull \hbox (7.99359pt too wide) in paragraph at lines 1066--1066
[]\T1/lmtt/m/n/10 ## Prop_Alone:PropAge65Plus                                  
                        0.2657[] 
 []


Overfull \hbox (7.99359pt too wide) in paragraph at lines 1066--1066
[]\T1/lmtt/m/n/10 ## Area_5_Transform:Med_Ind_In                               
                        0.7507[] 
 []


Overfull \hbox (7.99359pt too wide) in paragraph at lines 1066--1066
[]\T1/lmtt/m/n/10 ## Unemploy_r:Med_Ind_In                                     
                        0.4486[] 
 []


Overfull \hbox (7.99359pt too wide) in paragraph at lines 1066--1066
[]\T1/lmtt/m/n/10 ## Prop_Alone:Med_Ind_In                                     
                        0.1203[] 
 []


Overfull \hbox (7.99359pt too wide) in paragraph at lines 1066--1066
[]\T1/lmtt/m/n/10 ## PropAge65Plus:Med_Ind_In                                  
                        0.7001[] 
 []


Overfull \hbox (7.99359pt too wide) in paragraph at lines 1066--1066
[]\T1/lmtt/m/n/10 ## Area_5_Transform:Prop_Immigrants                          
                        0.7866[] 
 []


Overfull \hbox (7.99359pt too wide) in paragraph at lines 1066--1066
[]\T1/lmtt/m/n/10 ## Unemploy_r:Prop_Immigrants                                
                        0.3934[] 
 []


Overfull \hbox (7.99359pt too wide) in paragraph at lines 1066--1066
[]\T1/lmtt/m/n/10 ## Prop_Alone:Prop_Immigrants                                
                        0.1930[] 
 []


Overfull \hbox (7.99359pt too wide) in paragraph at lines 1066--1066
[]\T1/lmtt/m/n/10 ## PropAge65Plus:Prop_Immigrants                             
                        0.8504[] 
 []


Overfull \hbox (7.99359pt too wide) in paragraph at lines 1066--1066
[]\T1/lmtt/m/n/10 ## Med_Ind_In:Prop_Immigrants                                
                        0.6924[] 
 []


Overfull \hbox (7.99359pt too wide) in paragraph at lines 1066--1066
[]\T1/lmtt/m/n/10 ## Area_5_Transform:Unemploy_r:Prop_Alone                    
                        0.0258[] 
 []


Overfull \hbox (7.99359pt too wide) in paragraph at lines 1066--1066
[]\T1/lmtt/m/n/10 ## Area_5_Transform:Unemploy_r:PropAge65Plus                 
                        0.5635[] 
 []


Overfull \hbox (7.99359pt too wide) in paragraph at lines 1066--1066
[]\T1/lmtt/m/n/10 ## Area_5_Transform:Prop_Alone:PropAge65Plus                 
                        0.2650[] 
 []


Overfull \hbox (7.99359pt too wide) in paragraph at lines 1066--1066
[]\T1/lmtt/m/n/10 ## Unemploy_r:Prop_Alone:PropAge65Plus                       
                        0.0591[] 
 []


Overfull \hbox (7.99359pt too wide) in paragraph at lines 1066--1066
[]\T1/lmtt/m/n/10 ## Area_5_Transform:Unemploy_r:Med_Ind_In                    
                        0.4358[] 
 []


Overfull \hbox (7.99359pt too wide) in paragraph at lines 1066--1066
[]\T1/lmtt/m/n/10 ## Area_5_Transform:Prop_Alone:Med_Ind_In                    
                        0.1012[] 
 []


Overfull \hbox (7.99359pt too wide) in paragraph at lines 1066--1066
[]\T1/lmtt/m/n/10 ## Unemploy_r:Prop_Alone:Med_Ind_In                          
                        0.0585[] 
 []


Overfull \hbox (7.99359pt too wide) in paragraph at lines 1066--1066
[]\T1/lmtt/m/n/10 ## Area_5_Transform:PropAge65Plus:Med_Ind_In                 
                        0.6804[] 
 []


Overfull \hbox (7.99359pt too wide) in paragraph at lines 1066--1066
[]\T1/lmtt/m/n/10 ## Unemploy_r:PropAge65Plus:Med_Ind_In                       
                        0.4224[] 
 []


Overfull \hbox (7.99359pt too wide) in paragraph at lines 1066--1066
[]\T1/lmtt/m/n/10 ## Prop_Alone:PropAge65Plus:Med_Ind_In                       
                        0.2092[] 
 []


Overfull \hbox (7.99359pt too wide) in paragraph at lines 1066--1066
[]\T1/lmtt/m/n/10 ## Area_5_Transform:Unemploy_r:Prop_Immigrants               
                        0.3781[] 
 []


Overfull \hbox (7.99359pt too wide) in paragraph at lines 1066--1066
[]\T1/lmtt/m/n/10 ## Area_5_Transform:Prop_Alone:Prop_Immigrants               
                        0.1772[] 
 []


Overfull \hbox (7.99359pt too wide) in paragraph at lines 1066--1066
[]\T1/lmtt/m/n/10 ## Unemploy_r:Prop_Alone:Prop_Immigrants                     
                        0.0462[] 
 []


Overfull \hbox (7.99359pt too wide) in paragraph at lines 1066--1066
[]\T1/lmtt/m/n/10 ## Area_5_Transform:PropAge65Plus:Prop_Immigrants            
                        0.8440[] 
 []


Overfull \hbox (7.99359pt too wide) in paragraph at lines 1066--1066
[]\T1/lmtt/m/n/10 ## Unemploy_r:PropAge65Plus:Prop_Immigrants                  
                        0.4898[] 
 []


Overfull \hbox (7.99359pt too wide) in paragraph at lines 1066--1066
[]\T1/lmtt/m/n/10 ## Prop_Alone:PropAge65Plus:Prop_Immigrants                  
                        0.3474[] 
 []


Overfull \hbox (7.99359pt too wide) in paragraph at lines 1066--1066
[]\T1/lmtt/m/n/10 ## Area_5_Transform:Med_Ind_In:Prop_Immigrants               
                        0.6611[] 
 []


Overfull \hbox (7.99359pt too wide) in paragraph at lines 1066--1066
[]\T1/lmtt/m/n/10 ## Unemploy_r:Med_Ind_In:Prop_Immigrants                     
                        0.4392[] 
 []


Overfull \hbox (7.99359pt too wide) in paragraph at lines 1066--1066
[]\T1/lmtt/m/n/10 ## Prop_Alone:Med_Ind_In:Prop_Immigrants                     
                        0.2790[] 
 []

[30]
Overfull \hbox (7.99359pt too wide) in paragraph at lines 1066--1066
[]\T1/lmtt/m/n/10 ## PropAge65Plus:Med_Ind_In:Prop_Immigrants                  
                        0.7613[] 
 []


Overfull \hbox (7.99359pt too wide) in paragraph at lines 1066--1066
[]\T1/lmtt/m/n/10 ## Area_5_Transform:Unemploy_r:Prop_Alone:PropAge65Plus      
                        0.0508[] 
 []


Overfull \hbox (7.99359pt too wide) in paragraph at lines 1066--1066
[]\T1/lmtt/m/n/10 ## Area_5_Transform:Unemploy_r:Prop_Alone:Med_Ind_In         
                        0.0496[] 
 []


Overfull \hbox (7.99359pt too wide) in paragraph at lines 1066--1066
[]\T1/lmtt/m/n/10 ## Area_5_Transform:Unemploy_r:PropAge65Plus:Med_Ind_In      
                        0.4020[] 
 []


Overfull \hbox (7.99359pt too wide) in paragraph at lines 1066--1066
[]\T1/lmtt/m/n/10 ## Area_5_Transform:Prop_Alone:PropAge65Plus:Med_Ind_In      
                        0.1718[] 
 []


Overfull \hbox (7.99359pt too wide) in paragraph at lines 1066--1066
[]\T1/lmtt/m/n/10 ## Unemploy_r:Prop_Alone:PropAge65Plus:Med_Ind_In            
                        0.1024[] 
 []


Overfull \hbox (7.99359pt too wide) in paragraph at lines 1066--1066
[]\T1/lmtt/m/n/10 ## Area_5_Transform:Unemploy_r:Prop_Alone:Prop_Immigrants    
                        0.0345[] 
 []


Overfull \hbox (7.99359pt too wide) in paragraph at lines 1066--1066
[]\T1/lmtt/m/n/10 ## Area_5_Transform:Unemploy_r:PropAge65Plus:Prop_Immigrants 
                        0.4593[] 
 []


Overfull \hbox (7.99359pt too wide) in paragraph at lines 1066--1066
[]\T1/lmtt/m/n/10 ## Area_5_Transform:Prop_Alone:PropAge65Plus:Prop_Immigrants 
                        0.3155[] 
 []


Overfull \hbox (7.99359pt too wide) in paragraph at lines 1066--1066
[]\T1/lmtt/m/n/10 ## Unemploy_r:Prop_Alone:PropAge65Plus:Prop_Immigrants       
                        0.1477[] 
 []


Overfull \hbox (7.99359pt too wide) in paragraph at lines 1066--1066
[]\T1/lmtt/m/n/10 ## Area_5_Transform:Unemploy_r:Med_Ind_In:Prop_Immigrants    
                        0.4070[] 
 []


Overfull \hbox (7.99359pt too wide) in paragraph at lines 1066--1066
[]\T1/lmtt/m/n/10 ## Area_5_Transform:Prop_Alone:Med_Ind_In:Prop_Immigrants    
                        0.2256[] 
 []


Overfull \hbox (7.99359pt too wide) in paragraph at lines 1066--1066
[]\T1/lmtt/m/n/10 ## Unemploy_r:Prop_Alone:Med_Ind_In:Prop_Immigrants          
                        0.1380[] 
 []


Overfull \hbox (7.99359pt too wide) in paragraph at lines 1066--1066
[]\T1/lmtt/m/n/10 ## Area_5_Transform:PropAge65Plus:Med_Ind_In:Prop_Immigrants 
                        0.7189[] 
 []


Overfull \hbox (7.99359pt too wide) in paragraph at lines 1066--1066
[]\T1/lmtt/m/n/10 ## Unemploy_r:PropAge65Plus:Med_Ind_In:Prop_Immigrants       
                        0.4991[] 
 []


Overfull \hbox (7.99359pt too wide) in paragraph at lines 1066--1066
[]\T1/lmtt/m/n/10 ## Prop_Alone:PropAge65Plus:Med_Ind_In:Prop_Immigrants       
                        0.4905[] 
 []


Overfull \hbox (7.99359pt too wide) in paragraph at lines 1066--1066
[]\T1/lmtt/m/n/10 ## Area_5_Transform:Unemploy_r:Prop_Alone:PropAge65Plus:Med_I
nd_In                   0.0841[] 
 []


Overfull \hbox (7.99359pt too wide) in paragraph at lines 1066--1066
[]\T1/lmtt/m/n/10 ## Area_5_Transform:Unemploy_r:Prop_Alone:PropAge65Plus:Prop_
Immigrants              0.1163[] 
 []


Overfull \hbox (7.99359pt too wide) in paragraph at lines 1066--1066
[]\T1/lmtt/m/n/10 ## Area_5_Transform:Unemploy_r:Prop_Alone:Med_Ind_In:Prop_Imm
igrants                 0.1055[] 
 []


Overfull \hbox (7.99359pt too wide) in paragraph at lines 1066--1066
[]\T1/lmtt/m/n/10 ## Area_5_Transform:Unemploy_r:PropAge65Plus:Med_Ind_In:Prop_
Immigrants              0.4576[] 
 []


Overfull \hbox (7.99359pt too wide) in paragraph at lines 1066--1066
[]\T1/lmtt/m/n/10 ## Area_5_Transform:Prop_Alone:PropAge65Plus:Med_Ind_In:Prop_
Immigrants              0.4201[] 
 []


Overfull \hbox (7.99359pt too wide) in paragraph at lines 1066--1066
[]\T1/lmtt/m/n/10 ## Unemploy_r:Prop_Alone:PropAge65Plus:Med_Ind_In:Prop_Immigr
ants                    0.2959[] 
 []


Overfull \hbox (7.99359pt too wide) in paragraph at lines 1066--1066
[]\T1/lmtt/m/n/10 ## Area_5_Transform:Unemploy_r:Prop_Alone:PropAge65Plus:Med_I
nd_In:Prop_Immigrants   0.2384[] 
 []

[31] [32] [33] [34] [35] [36]
Overfull \hbox (1971.48788pt too wide) in paragraph at lines 1383--1383
[]\T1/lmtt/m/n/10 The progressively lower R squared value suggests a minor corr
elation between the amount of green space available to Torontonians and mental 
health admissions to hospitals. This correlation was most significant at the cl
osest walking distance of 5 minutes \ref{fig:LR-5}, and as this distance increa
sed, the correlation and its significance decreased. This indicates that easy, 
more immediate access to green spaces has a positive impact on residents' menta
l health.[] 
 []


LaTeX Warning: Reference `fig:LR-Final' on page 37 undefined on input line 1403
.


Overfull \hbox (1535.73915pt too wide) in paragraph at lines 1448--1448
[]\T1/lmtt/m/n/10 The present paper, alongside the available literature on the 
matter, demonstrate the necessity for modern cities to invest in green spaces t
hat are available and easily accessible to specific groups of more vulnerable p
eople. Urban planners must continue to focus on equitable solutions for new par
k infrastructure, promoting healthier cities with the help of spatial statistic
ians.[] 
 []

[37]
LaTeX Font Info:    External font `lmex10' loaded for size
(Font)              <10> on input line 1462.
LaTeX Font Info:    External font `lmex10' loaded for size
(Font)              <7> on input line 1462.
[38] [39] (./MentalHealthGreenSpaceCode.aux)

LaTeX Warning: There were undefined references.

 ) 
Here is how much of TeX's memory you used:
 9489 strings out of 480954
 151864 string characters out of 5905755
 504323 words of memory out of 5000000
 26529 multiletter control sequences out of 15000+600000
 470713 words of font info for 69 fonts, out of 8000000 for 9000
 14 hyphenation exceptions out of 8191
 71i,6n,74p,501b,469s stack positions out of 5000i,500n,10000p,200000b,80000s
{c:/Users/paezha/AppData/Roaming/TinyTeX/texmf-dist/fonts/enc/dvips/lm/lm-ts1
.enc}{c:/Users/paezha/AppData/Roaming/TinyTeX/texmf-dist/fonts/enc/dvips/lm/lm-
ec.enc}{c:/Users/paezha/AppData/Roaming/TinyTeX/texmf-dist/fonts/enc/dvips/base
/8r.enc}<c:/Users/paezha/AppData/Roaming/TinyTeX/texmf-dist/fonts/type1/public/
lm/lmbx10.pfb><c:/Users/paezha/AppData/Roaming/TinyTeX/texmf-dist/fonts/type1/p
ublic/lm/lmr10.pfb><c:/Users/paezha/AppData/Roaming/TinyTeX/texmf-dist/fonts/ty
pe1/public/lm/lmr12.pfb><c:/Users/paezha/AppData/Roaming/TinyTeX/texmf-dist/fon
ts/type1/public/lm/lmr17.pfb><c:/Users/paezha/AppData/Roaming/TinyTeX/texmf-dis
t/fonts/type1/public/lm/lmr6.pfb><c:/Users/paezha/AppData/Roaming/TinyTeX/texmf
-dist/fonts/type1/public/lm/lmr8.pfb><c:/Users/paezha/AppData/Roaming/TinyTeX/t
exmf-dist/fonts/type1/public/lm/lmri10.pfb><c:/Users/paezha/AppData/Roaming/Tin
yTeX/texmf-dist/fonts/type1/public/lm/lmri9.pfb><c:/Users/paezha/AppData/Roamin
g/TinyTeX/texmf-dist/fonts/type1/public/lm/lmtt10.pfb><c:/Users/paezha/AppData/
Roaming/TinyTeX/texmf-dist/fonts/type1/public/lm/lmtti10.pfb><c:/Users/paezha/A
ppData/Roaming/TinyTeX/texmf-dist/fonts/type1/urw/helvetic/uhvb8a.pfb>
Output written on MentalHealthGreenSpaceCode.pdf (39 pages, 4902616 bytes).
PDF statistics:
 337 PDF objects out of 1000 (max. 8388607)
 232 compressed objects within 3 object streams
 0 named destinations out of 1000 (max. 500000)
 111 words of extra memory for PDF output out of 10000 (max. 10000000)

